  [1m[36mSQL (2.2ms)[0m  [1mdescribe `roles_users`[0m


Started GET "/" for 127.0.0.1 at Mon Dec 06 18:38:02 +0100 2010
  [1m[35mSQL (1.1ms)[0m  describe `roles_users`
  Processing by HomeController#index as HTML
  [1m[36mSQL (79.5ms)[0m  [1mSHOW TABLES[0m
  [1m[35mUser Load (0.4ms)[0m  SELECT `users`.* FROM `users` WHERE (`users`.`id` = 9) LIMIT 1
  [1m[36mGroup Load (0.3ms)[0m  [1mSELECT `groups`.* FROM `groups`[0m
  [1m[35mExperiment Load (0.4ms)[0m  SELECT `experiments`.* FROM `experiments` INNER JOIN `users` ON `experiments`.user_id = `users`.id WHERE ((`users`.group_id = 1))
  [1m[36mCACHE (0.0ms)[0m  [1mSELECT `users`.* FROM `users` WHERE (`users`.`id` = 9) LIMIT 1[0m
Rendered helpers/_experiment.html.erb (5.0ms)
Rendered helpers/_header.html.erb (31.1ms)
Rendered home/index.html.erb within layouts/external (156.2ms)
Completed 200 OK in 364ms (Views: 160.3ms | ActiveRecord: 81.7ms)


Started GET "/images/logo.gif" for 127.0.0.1 at Mon Dec 06 18:38:03 +0100 2010
  [1m[35mSQL (1.1ms)[0m  describe `roles_users`
  [1m[36mSQL (1.3ms)[0m  [1mdescribe `roles_users`[0m

ActionController::RoutingError (No route matches "/images/logo.gif"):
  

Rendered /Library/Ruby/Gems/1.8/gems/actionpack-3.0.0/lib/action_dispatch/middleware/templates/rescues/routing_error.erb within rescues/layout (0.9ms)


Started GET "/images/logo.gif" for 127.0.0.1 at Mon Dec 06 18:38:03 +0100 2010
  [1m[35mSQL (1.2ms)[0m  describe `roles_users`
  [1m[36mSQL (1.3ms)[0m  [1mdescribe `roles_users`[0m

ActionController::RoutingError (No route matches "/images/logo.gif"):
  

Rendered /Library/Ruby/Gems/1.8/gems/actionpack-3.0.0/lib/action_dispatch/middleware/templates/rescues/routing_error.erb within rescues/layout (0.8ms)


Started GET "/" for 127.0.0.1 at Mon Dec 06 18:38:25 +0100 2010
  [1m[35mSQL (1.9ms)[0m  describe `roles_users`
  [1m[36mSQL (1.3ms)[0m  [1mdescribe `roles_users`[0m
  Processing by HomeController#index as HTML
  [1m[35mUser Load (0.3ms)[0m  SELECT `users`.* FROM `users` WHERE (`users`.`id` = 9) LIMIT 1
  [1m[36mGroup Load (0.3ms)[0m  [1mSELECT `groups`.* FROM `groups`[0m
  [1m[35mExperiment Load (0.4ms)[0m  SELECT `experiments`.* FROM `experiments` INNER JOIN `users` ON `experiments`.user_id = `users`.id WHERE ((`users`.group_id = 1))
  [1m[36mCACHE (0.0ms)[0m  [1mSELECT `users`.* FROM `users` WHERE (`users`.`id` = 9) LIMIT 1[0m
Rendered helpers/_experiment.html.erb (5.2ms)
ERROR: compiling _app_views_layouts_external_html_erb__691661857_2193614880_0 RAISED compile error
/Users/edave/repositories/lab-cog-scheduler/app/views/layouts/external.html.erb:29: syntax error, unexpected tASSOC, expecting ')'
....append= ( render(:partial) => 'helpers/footer' );@output_bu...
                              ^
Function body:           def _app_views_layouts_external_html_erb__691661857_2193614880_0(local_assigns)
            _old_virtual_path, @_virtual_path = @_virtual_path, "layouts/external";_old_output_buffer = @output_buffer;;@output_buffer = ActionView::OutputBuffer.new;@output_buffer.append= ( render :partial => '/helpers/header' );@output_buffer.safe_concat('
');@output_buffer.safe_concat('<body>
<div id="header-wrapper">
<div class="application" id="header">
	<div id="banner" style="background: url(\'/images/logo.png\') left top no-repeat;">Lab Cog!</div>
	<div class="messages">
');@output_buffer.safe_concat('		'); if notice ;@output_buffer.safe_concat('<div class="notice">');@output_buffer.append= ( notice );@output_buffer.safe_concat('</div>'); end ;@output_buffer.safe_concat('
');@output_buffer.safe_concat('	 	'); if alert ;@output_buffer.safe_concat('<div class="alert">');@output_buffer.append= ( alert );@output_buffer.safe_concat('</div>'); end ;@output_buffer.safe_concat('
');@output_buffer.safe_concat('	</div>
	<div class="tabs">
		<div id="current_user">');@output_buffer.append= ( current_user.user_name if current_user );@output_buffer.safe_concat('</div>	
		<ul>
			<a href="/help"><li>Help</li></a>
			<li>');@output_buffer.append= ( link_to('Sign out', destroy_user_session_path)  );@output_buffer.safe_concat('</li>
		</ul>
	</div>
	</div>
</div>
<div id="top-tray">
	<div class="page-title" >');@output_buffer.append= ( sanitize(page_title) );@output_buffer.safe_concat('</div>
</div>
<br style="clear:both"/>
<div id="content-wrapper">
<div id="content" class="external">
  ');@output_buffer.append= ( yield );@output_buffer.safe_concat('
');@output_buffer.safe_concat('</div>
<br style="clear:both" />
</div>
');@output_buffer.append= ( render(:partial) => 'helpers/footer' );@output_buffer.safe_concat('
');@output_buffer.safe_concat('</html>');@output_buffer.to_s
          ensure
            @_virtual_path, @output_buffer = _old_virtual_path, _old_output_buffer
          end
Backtrace: /Users/edave/repositories/lab-cog-scheduler/app/views/layouts/external.html.erb:33:in `compile'
/Library/Ruby/Gems/1.8/gems/actionpack-3.0.0/lib/action_view/template.rb:134:in `render'
/Library/Ruby/Gems/1.8/gems/activesupport-3.0.0/lib/active_support/notifications.rb:54:in `instrument'
/Library/Ruby/Gems/1.8/gems/actionpack-3.0.0/lib/action_view/template.rb:127:in `render'
/Library/Ruby/Gems/1.8/gems/actionpack-3.0.0/lib/action_view/render/layouts.rb:80:in `_render_layout'
/Library/Ruby/Gems/1.8/gems/actionpack-3.0.0/lib/action_view/render/rendering.rb:62:in `_render_template'
/Library/Ruby/Gems/1.8/gems/activesupport-3.0.0/lib/active_support/notifications.rb:52:in `instrument'
/Library/Ruby/Gems/1.8/gems/activesupport-3.0.0/lib/active_support/notifications/instrumenter.rb:21:in `instrument'
/Library/Ruby/Gems/1.8/gems/activesupport-3.0.0/lib/active_support/notifications.rb:52:in `instrument'
/Library/Ruby/Gems/1.8/gems/actionpack-3.0.0/lib/action_view/render/rendering.rb:56:in `_render_template'
/Library/Ruby/Gems/1.8/gems/actionpack-3.0.0/lib/action_view/render/rendering.rb:26:in `render'
/Library/Ruby/Gems/1.8/gems/actionpack-3.0.0/lib/abstract_controller/rendering.rb:114:in `_render_template'
/Library/Ruby/Gems/1.8/gems/actionpack-3.0.0/lib/abstract_controller/rendering.rb:108:in `render_to_body'
/Library/Ruby/Gems/1.8/gems/actionpack-3.0.0/lib/action_controller/metal/renderers.rb:47:in `render_to_body'
/Library/Ruby/Gems/1.8/gems/actionpack-3.0.0/lib/action_controller/metal/compatibility.rb:55:in `render_to_body'
/Library/Ruby/Gems/1.8/gems/actionpack-3.0.0/lib/abstract_controller/rendering.rb:101:in `render_to_string'
/Library/Ruby/Gems/1.8/gems/actionpack-3.0.0/lib/abstract_controller/rendering.rb:92:in `render'
/Library/Ruby/Gems/1.8/gems/actionpack-3.0.0/lib/action_controller/metal/rendering.rb:17:in `render'
/Library/Ruby/Gems/1.8/gems/actionpack-3.0.0/lib/action_controller/metal/instrumentation.rb:40:in `render'
/Library/Ruby/Gems/1.8/gems/activesupport-3.0.0/lib/active_support/core_ext/benchmark.rb:5:in `ms'
/System/Library/Frameworks/Ruby.framework/Versions/1.8/usr/lib/ruby/1.8/benchmark.rb:308:in `realtime'
/Library/Ruby/Gems/1.8/gems/activesupport-3.0.0/lib/active_support/core_ext/benchmark.rb:5:in `ms'
/Library/Ruby/Gems/1.8/gems/actionpack-3.0.0/lib/action_controller/metal/instrumentation.rb:40:in `render'
/Library/Ruby/Gems/1.8/gems/actionpack-3.0.0/lib/action_controller/metal/instrumentation.rb:78:in `cleanup_view_runtime'
/Library/Ruby/Gems/1.8/gems/activerecord-3.0.0/lib/active_record/railties/controller_runtime.rb:15:in `cleanup_view_runtime'
/Library/Ruby/Gems/1.8/gems/actionpack-3.0.0/lib/action_controller/metal/instrumentation.rb:39:in `render'
/Library/Ruby/Gems/1.8/gems/actionpack-3.0.0/lib/action_controller/metal/implicit_render.rb:10:in `default_render'
/Library/Ruby/Gems/1.8/gems/actionpack-3.0.0/lib/action_controller/metal/implicit_render.rb:5:in `send_action'
/Library/Ruby/Gems/1.8/gems/actionpack-3.0.0/lib/abstract_controller/base.rb:150:in `process_action'
/Library/Ruby/Gems/1.8/gems/actionpack-3.0.0/lib/action_controller/metal/rendering.rb:11:in `process_action'
/Library/Ruby/Gems/1.8/gems/actionpack-3.0.0/lib/abstract_controller/callbacks.rb:18:in `process_action'
/Library/Ruby/Gems/1.8/gems/activesupport-3.0.0/lib/active_support/callbacks.rb:446:in `_run__738958071__process_action__199225275__callbacks'
/Library/Ruby/Gems/1.8/gems/activesupport-3.0.0/lib/active_support/callbacks.rb:220:in `_conditional_callback_around_1102'
/Library/Ruby/Gems/1.8/gems/activesupport-3.0.0/lib/active_support/callbacks.rb:330:in `around'
/Library/Ruby/Gems/1.8/gems/activesupport-3.0.0/lib/active_support/callbacks.rb:314:in `send'
/Library/Ruby/Gems/1.8/gems/activesupport-3.0.0/lib/active_support/callbacks.rb:314:in `_callback_around_1097'
/Library/Ruby/Gems/1.8/gems/activesupport-3.0.0/lib/active_support/callbacks.rb:219:in `_conditional_callback_around_1102'
/Library/Ruby/Gems/1.8/gems/activesupport-3.0.0/lib/active_support/callbacks.rb:445:in `_run__738958071__process_action__199225275__callbacks'
/Library/Ruby/Gems/1.8/gems/activesupport-3.0.0/lib/active_support/callbacks.rb:409:in `send'
/Library/Ruby/Gems/1.8/gems/activesupport-3.0.0/lib/active_support/callbacks.rb:409:in `_run_process_action_callbacks'
/Library/Ruby/Gems/1.8/gems/activesupport-3.0.0/lib/active_support/callbacks.rb:93:in `send'
/Library/Ruby/Gems/1.8/gems/activesupport-3.0.0/lib/active_support/callbacks.rb:93:in `run_callbacks'
/Library/Ruby/Gems/1.8/gems/actionpack-3.0.0/lib/abstract_controller/callbacks.rb:17:in `process_action'
/Library/Ruby/Gems/1.8/gems/actionpack-3.0.0/lib/action_controller/metal/instrumentation.rb:30:in `process_action'
/Library/Ruby/Gems/1.8/gems/activesupport-3.0.0/lib/active_support/notifications.rb:52:in `instrument'
/Library/Ruby/Gems/1.8/gems/activesupport-3.0.0/lib/active_support/notifications/instrumenter.rb:21:in `instrument'
/Library/Ruby/Gems/1.8/gems/activesupport-3.0.0/lib/active_support/notifications.rb:52:in `instrument'
/Library/Ruby/Gems/1.8/gems/actionpack-3.0.0/lib/action_controller/metal/instrumentation.rb:29:in `process_action'
/Library/Ruby/Gems/1.8/gems/actionpack-3.0.0/lib/action_controller/metal/rescue.rb:17:in `process_action'
/Library/Ruby/Gems/1.8/gems/actionpack-3.0.0/lib/abstract_controller/base.rb:119:in `process'
/Library/Ruby/Gems/1.8/gems/actionpack-3.0.0/lib/abstract_controller/rendering.rb:40:in `process'
/Library/Ruby/Gems/1.8/gems/actionpack-3.0.0/lib/action_controller/metal.rb:133:in `dispatch'
/Library/Ruby/Gems/1.8/gems/actionpack-3.0.0/lib/action_controller/metal/rack_delegation.rb:14:in `dispatch'
/Library/Ruby/Gems/1.8/gems/actionpack-3.0.0/lib/action_controller/metal.rb:173:in `action'
/Library/Ruby/Gems/1.8/gems/actionpack-3.0.0/lib/action_dispatch/routing/route_set.rb:62:in `call'
/Library/Ruby/Gems/1.8/gems/actionpack-3.0.0/lib/action_dispatch/routing/route_set.rb:62:in `dispatch'
/Library/Ruby/Gems/1.8/gems/actionpack-3.0.0/lib/action_dispatch/routing/route_set.rb:27:in `call'
/Library/Ruby/Gems/1.8/gems/rack-mount-0.6.13/lib/rack/mount/route_set.rb:148:in `call'
/Library/Ruby/Gems/1.8/gems/rack-mount-0.6.13/lib/rack/mount/code_generation.rb:93:in `recognize'
/Library/Ruby/Gems/1.8/gems/rack-mount-0.6.13/lib/rack/mount/code_generation.rb:68:in `optimized_each'
/Library/Ruby/Gems/1.8/gems/rack-mount-0.6.13/lib/rack/mount/code_generation.rb:92:in `recognize'
/Library/Ruby/Gems/1.8/gems/rack-mount-0.6.13/lib/rack/mount/route_set.rb:139:in `call'
/Library/Ruby/Gems/1.8/gems/actionpack-3.0.0/lib/action_dispatch/routing/route_set.rb:492:in `call'
/Library/Ruby/Gems/1.8/gems/hoptoad_notifier-2.3.8/lib/hoptoad_notifier/rack.rb:27:in `call'
/Library/Ruby/Gems/1.8/gems/warden-0.10.7/lib/warden/manager.rb:35:in `call'
/Library/Ruby/Gems/1.8/gems/warden-0.10.7/lib/warden/manager.rb:34:in `catch'
/Library/Ruby/Gems/1.8/gems/warden-0.10.7/lib/warden/manager.rb:34:in `call'
/Library/Ruby/Gems/1.8/gems/actionpack-3.0.0/lib/action_dispatch/middleware/best_standards_support.rb:17:in `call'
/Library/Ruby/Gems/1.8/gems/actionpack-3.0.0/lib/action_dispatch/middleware/head.rb:14:in `call'
/Library/Ruby/Gems/1.8/gems/rack-1.2.1/lib/rack/methodoverride.rb:24:in `call'
/Library/Ruby/Gems/1.8/gems/actionpack-3.0.0/lib/action_dispatch/middleware/params_parser.rb:21:in `call'
/Library/Ruby/Gems/1.8/gems/actionpack-3.0.0/lib/action_dispatch/middleware/flash.rb:182:in `call'
/Library/Ruby/Gems/1.8/gems/actionpack-3.0.0/lib/action_dispatch/middleware/session/abstract_store.rb:149:in `call'
/Library/Ruby/Gems/1.8/gems/actionpack-3.0.0/lib/action_dispatch/middleware/cookies.rb:287:in `call'
/Library/Ruby/Gems/1.8/gems/activerecord-3.0.0/lib/active_record/query_cache.rb:32:in `call'
/Library/Ruby/Gems/1.8/gems/activerecord-3.0.0/lib/active_record/connection_adapters/abstract/query_cache.rb:28:in `cache'
/Library/Ruby/Gems/1.8/gems/activerecord-3.0.0/lib/active_record/query_cache.rb:12:in `cache'
/Library/Ruby/Gems/1.8/gems/activerecord-3.0.0/lib/active_record/query_cache.rb:31:in `call'
/Library/Ruby/Gems/1.8/gems/activerecord-3.0.0/lib/active_record/connection_adapters/abstract/connection_pool.rb:355:in `call'
/Library/Ruby/Gems/1.8/gems/actionpack-3.0.0/lib/action_dispatch/middleware/callbacks.rb:46:in `call'
/Library/Ruby/Gems/1.8/gems/activesupport-3.0.0/lib/active_support/callbacks.rb:415:in `_run_call_callbacks'
/Library/Ruby/Gems/1.8/gems/actionpack-3.0.0/lib/action_dispatch/middleware/callbacks.rb:44:in `call'
/Library/Ruby/Gems/1.8/gems/rack-1.2.1/lib/rack/sendfile.rb:107:in `call'
/Library/Ruby/Gems/1.8/gems/actionpack-3.0.0/lib/action_dispatch/middleware/remote_ip.rb:48:in `call'
/Library/Ruby/Gems/1.8/gems/actionpack-3.0.0/lib/action_dispatch/middleware/show_exceptions.rb:46:in `call'
/Library/Ruby/Gems/1.8/gems/railties-3.0.0/lib/rails/rack/logger.rb:13:in `call'
/Library/Ruby/Gems/1.8/gems/rack-1.2.1/lib/rack/runtime.rb:17:in `call'
/Library/Ruby/Gems/1.8/gems/activesupport-3.0.0/lib/active_support/cache/strategy/local_cache.rb:72:in `call'
/Library/Ruby/Gems/1.8/gems/rack-1.2.1/lib/rack/lock.rb:11:in `call'
/Library/Ruby/Gems/1.8/gems/rack-1.2.1/lib/rack/lock.rb:11:in `synchronize'
/Library/Ruby/Gems/1.8/gems/rack-1.2.1/lib/rack/lock.rb:11:in `call'
/Library/Ruby/Gems/1.8/gems/actionpack-3.0.0/lib/action_dispatch/middleware/static.rb:30:in `call'
/Library/Ruby/Gems/1.8/gems/railties-3.0.0/lib/rails/application.rb:168:in `call'
/Library/Ruby/Gems/1.8/gems/railties-3.0.0/lib/rails/application.rb:77:in `send'
/Library/Ruby/Gems/1.8/gems/railties-3.0.0/lib/rails/application.rb:77:in `method_missing'
/Library/Ruby/Gems/1.8/gems/railties-3.0.0/lib/rails/rack/log_tailer.rb:14:in `call'
/Library/Ruby/Gems/1.8/gems/rack-1.2.1/lib/rack/content_length.rb:13:in `call'
/Library/Ruby/Gems/1.8/gems/rack-1.2.1/lib/rack/chunked.rb:15:in `call'
/Library/Ruby/Gems/1.8/gems/rack-1.2.1/lib/rack/handler/mongrel.rb:67:in `process'
/Library/Ruby/Gems/1.8/gems/mongrel-1.1.5/lib/mongrel.rb:159:in `process_client'
/Library/Ruby/Gems/1.8/gems/mongrel-1.1.5/lib/mongrel.rb:158:in `each'
/Library/Ruby/Gems/1.8/gems/mongrel-1.1.5/lib/mongrel.rb:158:in `process_client'
/Library/Ruby/Gems/1.8/gems/mongrel-1.1.5/lib/mongrel.rb:285:in `run'
/Library/Ruby/Gems/1.8/gems/mongrel-1.1.5/lib/mongrel.rb:285:in `initialize'
/Library/Ruby/Gems/1.8/gems/mongrel-1.1.5/lib/mongrel.rb:285:in `new'
/Library/Ruby/Gems/1.8/gems/mongrel-1.1.5/lib/mongrel.rb:285:in `run'
/Library/Ruby/Gems/1.8/gems/mongrel-1.1.5/lib/mongrel.rb:268:in `initialize'
/Library/Ruby/Gems/1.8/gems/mongrel-1.1.5/lib/mongrel.rb:268:in `new'
/Library/Ruby/Gems/1.8/gems/mongrel-1.1.5/lib/mongrel.rb:268:in `run'
/Library/Ruby/Gems/1.8/gems/rack-1.2.1/lib/rack/handler/mongrel.rb:38:in `run'
/Library/Ruby/Gems/1.8/gems/rack-1.2.1/lib/rack/server.rb:213:in `start'
/Library/Ruby/Gems/1.8/gems/railties-3.0.0/lib/rails/commands/server.rb:65:in `start'
/Library/Ruby/Gems/1.8/gems/railties-3.0.0/lib/rails/commands.rb:30
/Library/Ruby/Gems/1.8/gems/railties-3.0.0/lib/rails/commands.rb:27:in `tap'
/Library/Ruby/Gems/1.8/gems/railties-3.0.0/lib/rails/commands.rb:27
script/rails:6:in `require'
script/rails:6
Rendered home/index.html.erb within layouts/external (99.7ms)
Completed   in 136ms

ActionView::Template::Error (compile error
/Users/edave/repositories/lab-cog-scheduler/app/views/layouts/external.html.erb:29: syntax error, unexpected tASSOC, expecting ')'
....append= ( render(:partial) => 'helpers/footer' );@output_bu...
                              ^):
    26: </div>
    27: <br style="clear:both" />
    28: </div>
    29: <%= render(:partial) => 'helpers/footer' %>
    30: </html>
  app/views/layouts/external.html.erb:33:in `compile'

Rendered /Library/Ruby/Gems/1.8/gems/actionpack-3.0.0/lib/action_dispatch/middleware/templates/rescues/_trace.erb (1.2ms)
Rendered /Library/Ruby/Gems/1.8/gems/actionpack-3.0.0/lib/action_dispatch/middleware/templates/rescues/_request_and_response.erb (668.7ms)
Rendered /Library/Ruby/Gems/1.8/gems/actionpack-3.0.0/lib/action_dispatch/middleware/templates/rescues/template_error.erb within rescues/layout (696.0ms)


Started GET "/" for 127.0.0.1 at Mon Dec 06 18:38:42 +0100 2010
  [1m[35mSQL (1.2ms)[0m  describe `roles_users`
  [1m[36mSQL (1.3ms)[0m  [1mdescribe `roles_users`[0m
  Processing by HomeController#index as HTML
  [1m[35mUser Load (0.3ms)[0m  SELECT `users`.* FROM `users` WHERE (`users`.`id` = 9) LIMIT 1
  [1m[36mGroup Load (0.3ms)[0m  [1mSELECT `groups`.* FROM `groups`[0m
  [1m[35mExperiment Load (0.4ms)[0m  SELECT `experiments`.* FROM `experiments` INNER JOIN `users` ON `experiments`.user_id = `users`.id WHERE ((`users`.group_id = 1))
  [1m[36mCACHE (0.0ms)[0m  [1mSELECT `users`.* FROM `users` WHERE (`users`.`id` = 9) LIMIT 1[0m
Rendered helpers/_experiment.html.erb (5.3ms)
Rendered helpers/_header.html.erb (3.8ms)
Rendered helpers/_footer.html.erb (0.4ms)
Rendered home/index.html.erb within layouts/external (41.2ms)
Completed 200 OK in 77ms (Views: 44.3ms | ActiveRecord: 3.5ms)


Started GET "/images/logo.gif" for 127.0.0.1 at Mon Dec 06 18:38:43 +0100 2010
  [1m[35mSQL (4.1ms)[0m  describe `roles_users`
  [1m[36mSQL (3.2ms)[0m  [1mdescribe `roles_users`[0m

ActionController::RoutingError (No route matches "/images/logo.gif"):
  

Rendered /Library/Ruby/Gems/1.8/gems/actionpack-3.0.0/lib/action_dispatch/middleware/templates/rescues/routing_error.erb within rescues/layout (1.1ms)


Started GET "/images/logo.gif" for 127.0.0.1 at Mon Dec 06 18:38:43 +0100 2010
  [1m[35mSQL (1.2ms)[0m  describe `roles_users`
  [1m[36mSQL (1.2ms)[0m  [1mdescribe `roles_users`[0m

ActionController::RoutingError (No route matches "/images/logo.gif"):
  

Rendered /Library/Ruby/Gems/1.8/gems/actionpack-3.0.0/lib/action_dispatch/middleware/templates/rescues/routing_error.erb within rescues/layout (0.9ms)


Started GET "/" for 127.0.0.1 at Mon Dec 06 18:39:31 +0100 2010
  [1m[35mSQL (1.3ms)[0m  describe `roles_users`
  [1m[36mSQL (1.3ms)[0m  [1mdescribe `roles_users`[0m
  Processing by HomeController#index as HTML
  [1m[35mUser Load (0.3ms)[0m  SELECT `users`.* FROM `users` WHERE (`users`.`id` = 9) LIMIT 1
  [1m[36mGroup Load (0.3ms)[0m  [1mSELECT `groups`.* FROM `groups`[0m
  [1m[35mExperiment Load (0.4ms)[0m  SELECT `experiments`.* FROM `experiments` INNER JOIN `users` ON `experiments`.user_id = `users`.id WHERE ((`users`.group_id = 1))
  [1m[36mCACHE (0.0ms)[0m  [1mSELECT `users`.* FROM `users` WHERE (`users`.`id` = 9) LIMIT 1[0m
Rendered helpers/_experiment.html.erb (5.1ms)
Rendered helpers/_header.html.erb (3.6ms)
Rendered helpers/_footer.html.erb (0.4ms)
Rendered home/index.html.erb within layouts/external (40.8ms)
Completed 200 OK in 165ms (Views: 43.7ms | ActiveRecord: 3.5ms)


Started GET "/images/logo.gif" for 127.0.0.1 at Mon Dec 06 18:39:32 +0100 2010
  [1m[35mSQL (1.3ms)[0m  describe `roles_users`
  [1m[36mSQL (1.2ms)[0m  [1mdescribe `roles_users`[0m

ActionController::RoutingError (No route matches "/images/logo.gif"):
  

Rendered /Library/Ruby/Gems/1.8/gems/actionpack-3.0.0/lib/action_dispatch/middleware/templates/rescues/routing_error.erb within rescues/layout (0.8ms)


Started GET "/images/logo.gif" for 127.0.0.1 at Mon Dec 06 18:39:32 +0100 2010
  [1m[35mSQL (4.7ms)[0m  describe `roles_users`
  [1m[36mSQL (2.2ms)[0m  [1mdescribe `roles_users`[0m

ActionController::RoutingError (No route matches "/images/logo.gif"):
  

Rendered /Library/Ruby/Gems/1.8/gems/actionpack-3.0.0/lib/action_dispatch/middleware/templates/rescues/routing_error.erb within rescues/layout (0.9ms)


Started GET "/" for 127.0.0.1 at Mon Dec 06 18:39:57 +0100 2010
  [1m[35mSQL (1.3ms)[0m  describe `roles_users`
  [1m[36mSQL (1.3ms)[0m  [1mdescribe `roles_users`[0m
  Processing by HomeController#index as HTML
  [1m[35mUser Load (0.3ms)[0m  SELECT `users`.* FROM `users` WHERE (`users`.`id` = 9) LIMIT 1
  [1m[36mGroup Load (0.3ms)[0m  [1mSELECT `groups`.* FROM `groups`[0m
  [1m[35mExperiment Load (0.4ms)[0m  SELECT `experiments`.* FROM `experiments` INNER JOIN `users` ON `experiments`.user_id = `users`.id WHERE ((`users`.group_id = 1))
  [1m[36mCACHE (0.0ms)[0m  [1mSELECT `users`.* FROM `users` WHERE (`users`.`id` = 9) LIMIT 1[0m
Rendered helpers/_experiment.html.erb (5.0ms)
Rendered helpers/_header.html.erb (3.8ms)
Rendered helpers/_footer.html.erb (0.4ms)
Rendered home/index.html.erb within layouts/external (40.2ms)
Completed 200 OK in 77ms (Views: 42.9ms | ActiveRecord: 3.6ms)


Started GET "/images/logo.gif" for 127.0.0.1 at Mon Dec 06 18:39:57 +0100 2010
  [1m[35mSQL (1.1ms)[0m  describe `roles_users`
  [1m[36mSQL (1.7ms)[0m  [1mdescribe `roles_users`[0m

ActionController::RoutingError (No route matches "/images/logo.gif"):
  

Rendered /Library/Ruby/Gems/1.8/gems/actionpack-3.0.0/lib/action_dispatch/middleware/templates/rescues/routing_error.erb within rescues/layout (1.0ms)


Started GET "/images/logo.gif" for 127.0.0.1 at Mon Dec 06 18:39:58 +0100 2010
  [1m[35mSQL (4.4ms)[0m  describe `roles_users`
  [1m[36mSQL (1.5ms)[0m  [1mdescribe `roles_users`[0m

ActionController::RoutingError (No route matches "/images/logo.gif"):
  

Rendered /Library/Ruby/Gems/1.8/gems/actionpack-3.0.0/lib/action_dispatch/middleware/templates/rescues/routing_error.erb within rescues/layout (0.8ms)


Started GET "/" for 127.0.0.1 at Mon Dec 06 18:41:21 +0100 2010
  [1m[35mSQL (1.3ms)[0m  describe `roles_users`
  [1m[36mSQL (1.3ms)[0m  [1mdescribe `roles_users`[0m
  Processing by HomeController#index as HTML
  [1m[35mUser Load (0.3ms)[0m  SELECT `users`.* FROM `users` WHERE (`users`.`id` = 9) LIMIT 1
  [1m[36mGroup Load (0.3ms)[0m  [1mSELECT `groups`.* FROM `groups`[0m
  [1m[35mExperiment Load (0.4ms)[0m  SELECT `experiments`.* FROM `experiments` INNER JOIN `users` ON `experiments`.user_id = `users`.id WHERE ((`users`.group_id = 1))
  [1m[36mCACHE (0.0ms)[0m  [1mSELECT `users`.* FROM `users` WHERE (`users`.`id` = 9) LIMIT 1[0m
Rendered helpers/_experiment.html.erb (5.2ms)
Rendered helpers/_header.html.erb (3.7ms)
Rendered helpers/_footer.html.erb (0.5ms)
Rendered home/index.html.erb within layouts/external (40.2ms)
Completed 200 OK in 77ms (Views: 43.0ms | ActiveRecord: 3.5ms)


Started GET "/images/logo.gif" for 127.0.0.1 at Mon Dec 06 18:41:22 +0100 2010
  [1m[35mSQL (1.1ms)[0m  describe `roles_users`
  [1m[36mSQL (1.9ms)[0m  [1mdescribe `roles_users`[0m

ActionController::RoutingError (No route matches "/images/logo.gif"):
  

Rendered /Library/Ruby/Gems/1.8/gems/actionpack-3.0.0/lib/action_dispatch/middleware/templates/rescues/routing_error.erb within rescues/layout (0.8ms)


Started GET "/images/logo.gif" for 127.0.0.1 at Mon Dec 06 18:41:22 +0100 2010
  [1m[35mSQL (1.3ms)[0m  describe `roles_users`
  [1m[36mSQL (1.1ms)[0m  [1mdescribe `roles_users`[0m

ActionController::RoutingError (No route matches "/images/logo.gif"):
  

Rendered /Library/Ruby/Gems/1.8/gems/actionpack-3.0.0/lib/action_dispatch/middleware/templates/rescues/routing_error.erb within rescues/layout (0.8ms)


Started GET "/" for 127.0.0.1 at Mon Dec 06 18:43:19 +0100 2010
  [1m[35mSQL (1.3ms)[0m  describe `roles_users`
  [1m[36mSQL (1.3ms)[0m  [1mdescribe `roles_users`[0m
  Processing by HomeController#index as HTML
  [1m[35mUser Load (0.3ms)[0m  SELECT `users`.* FROM `users` WHERE (`users`.`id` = 9) LIMIT 1
  [1m[36mGroup Load (0.3ms)[0m  [1mSELECT `groups`.* FROM `groups`[0m
  [1m[35mExperiment Load (0.4ms)[0m  SELECT `experiments`.* FROM `experiments` INNER JOIN `users` ON `experiments`.user_id = `users`.id WHERE ((`users`.group_id = 1))
  [1m[36mCACHE (0.0ms)[0m  [1mSELECT `users`.* FROM `users` WHERE (`users`.`id` = 9) LIMIT 1[0m
Rendered helpers/_experiment.html.erb (5.2ms)
Rendered helpers/_header.html.erb (3.7ms)
Rendered helpers/_footer.html.erb (0.5ms)
Rendered home/index.html.erb within layouts/external (41.4ms)
Completed 200 OK in 166ms (Views: 44.3ms | ActiveRecord: 3.5ms)


Started GET "/images/logo.gif" for 127.0.0.1 at Mon Dec 06 18:43:19 +0100 2010
  [1m[35mSQL (1.1ms)[0m  describe `roles_users`
  [1m[36mSQL (2.3ms)[0m  [1mdescribe `roles_users`[0m

ActionController::RoutingError (No route matches "/images/logo.gif"):
  

Rendered /Library/Ruby/Gems/1.8/gems/actionpack-3.0.0/lib/action_dispatch/middleware/templates/rescues/routing_error.erb within rescues/layout (1.5ms)


Started GET "/images/logo.gif" for 127.0.0.1 at Mon Dec 06 18:43:20 +0100 2010
  [1m[35mSQL (13.6ms)[0m  describe `roles_users`
  [1m[36mSQL (1.3ms)[0m  [1mdescribe `roles_users`[0m

ActionController::RoutingError (No route matches "/images/logo.gif"):
  

Rendered /Library/Ruby/Gems/1.8/gems/actionpack-3.0.0/lib/action_dispatch/middleware/templates/rescues/routing_error.erb within rescues/layout (0.8ms)


Started GET "/" for 127.0.0.1 at Mon Dec 06 18:44:53 +0100 2010
  [1m[35mSQL (1.2ms)[0m  describe `roles_users`
  [1m[36mSQL (1.3ms)[0m  [1mdescribe `roles_users`[0m
  Processing by HomeController#index as HTML
  [1m[35mUser Load (0.3ms)[0m  SELECT `users`.* FROM `users` WHERE (`users`.`id` = 9) LIMIT 1
  [1m[36mGroup Load (0.3ms)[0m  [1mSELECT `groups`.* FROM `groups`[0m
  [1m[35mExperiment Load (0.4ms)[0m  SELECT `experiments`.* FROM `experiments` INNER JOIN `users` ON `experiments`.user_id = `users`.id WHERE ((`users`.group_id = 1))
  [1m[36mCACHE (0.0ms)[0m  [1mSELECT `users`.* FROM `users` WHERE (`users`.`id` = 9) LIMIT 1[0m
Rendered helpers/_experiment.html.erb (5.1ms)
Rendered helpers/_header.html.erb (3.8ms)
Rendered helpers/_footer.html.erb (0.7ms)
Rendered home/index.html.erb within layouts/external (41.1ms)
Completed 200 OK in 78ms (Views: 44.0ms | ActiveRecord: 3.5ms)


Started GET "/images/logo.gif" for 127.0.0.1 at Mon Dec 06 18:44:54 +0100 2010
  [1m[35mSQL (1.4ms)[0m  describe `roles_users`
  [1m[36mSQL (1.2ms)[0m  [1mdescribe `roles_users`[0m

ActionController::RoutingError (No route matches "/images/logo.gif"):
  

Rendered /Library/Ruby/Gems/1.8/gems/actionpack-3.0.0/lib/action_dispatch/middleware/templates/rescues/routing_error.erb within rescues/layout (0.9ms)


Started GET "/images/logo.gif" for 127.0.0.1 at Mon Dec 06 18:44:55 +0100 2010
  [1m[35mSQL (1.3ms)[0m  describe `roles_users`
  [1m[36mSQL (1.3ms)[0m  [1mdescribe `roles_users`[0m

ActionController::RoutingError (No route matches "/images/logo.gif"):
  

Rendered /Library/Ruby/Gems/1.8/gems/actionpack-3.0.0/lib/action_dispatch/middleware/templates/rescues/routing_error.erb within rescues/layout (0.8ms)


Started GET "/" for 127.0.0.1 at Mon Dec 06 18:45:47 +0100 2010
  [1m[35mSQL (1.3ms)[0m  describe `roles_users`
  [1m[36mSQL (1.3ms)[0m  [1mdescribe `roles_users`[0m
  Processing by HomeController#index as HTML
  [1m[35mUser Load (0.3ms)[0m  SELECT `users`.* FROM `users` WHERE (`users`.`id` = 9) LIMIT 1
  [1m[36mGroup Load (0.3ms)[0m  [1mSELECT `groups`.* FROM `groups`[0m
  [1m[35mExperiment Load (0.4ms)[0m  SELECT `experiments`.* FROM `experiments` INNER JOIN `users` ON `experiments`.user_id = `users`.id WHERE ((`users`.group_id = 1))
  [1m[36mCACHE (0.0ms)[0m  [1mSELECT `users`.* FROM `users` WHERE (`users`.`id` = 9) LIMIT 1[0m
Rendered helpers/_experiment.html.erb (5.0ms)
Rendered helpers/_header.html.erb (3.7ms)
Rendered helpers/_footer.html.erb (0.5ms)
Rendered home/index.html.erb within layouts/external (40.9ms)
Completed 200 OK in 77ms (Views: 43.7ms | ActiveRecord: 3.5ms)


Started GET "/images/logo.gif" for 127.0.0.1 at Mon Dec 06 18:45:47 +0100 2010
  [1m[35mSQL (1.2ms)[0m  describe `roles_users`
  [1m[36mSQL (2.0ms)[0m  [1mdescribe `roles_users`[0m

ActionController::RoutingError (No route matches "/images/logo.gif"):
  

Rendered /Library/Ruby/Gems/1.8/gems/actionpack-3.0.0/lib/action_dispatch/middleware/templates/rescues/routing_error.erb within rescues/layout (0.8ms)


Started GET "/images/logo.gif" for 127.0.0.1 at Mon Dec 06 18:45:48 +0100 2010
  [1m[35mSQL (1.0ms)[0m  describe `roles_users`
  [1m[36mSQL (1.3ms)[0m  [1mdescribe `roles_users`[0m

ActionController::RoutingError (No route matches "/images/logo.gif"):
  

Rendered /Library/Ruby/Gems/1.8/gems/actionpack-3.0.0/lib/action_dispatch/middleware/templates/rescues/routing_error.erb within rescues/layout (0.8ms)


Started GET "/experiments/321060967" for 127.0.0.1 at Mon Dec 06 18:46:27 +0100 2010
  [1m[35mSQL (1.3ms)[0m  describe `roles_users`
  [1m[36mSQL (1.3ms)[0m  [1mdescribe `roles_users`[0m
  Processing by ExperimentsController#show as HTML
  Parameters: {"id"=>"321060967"}
  [1m[35mUser Load (0.3ms)[0m  SELECT `users`.* FROM `users` WHERE (`users`.`id` = 9) LIMIT 1
  [1m[36mExperiment Load (0.3ms)[0m  [1mSELECT `experiments`.* FROM `experiments` WHERE (`experiments`.`hashed_id` = 321060967) LIMIT 1[0m
  [1m[35mSlot Load (0.5ms)[0m  SELECT `slots`.* FROM `slots` WHERE (`slots`.experiment_id = 1) ORDER BY time
  [1m[36mCACHE (0.0ms)[0m  [1mSELECT `users`.* FROM `users` WHERE (`users`.`id` = 9) LIMIT 1[0m
  [1m[35mGroup Load (0.2ms)[0m  SELECT `groups`.* FROM `groups` WHERE (`groups`.`id` = 1) LIMIT 1
Rendered slots/_form.html.erb (5.7ms)
  [1m[36mExperiment Load (0.4ms)[0m  [1mSELECT `experiments`.* FROM `experiments` WHERE (`experiments`.`id` = 1) LIMIT 1[0m
  [1m[35mCACHE (0.0ms)[0m  SELECT `experiments`.* FROM `experiments` WHERE (`experiments`.`id` = 1) LIMIT 1
  [1m[36mCACHE (0.0ms)[0m  [1mSELECT `experiments`.* FROM `experiments` WHERE (`experiments`.`id` = 1) LIMIT 1[0m
  [1m[35mCACHE (0.0ms)[0m  SELECT `experiments`.* FROM `experiments` WHERE (`experiments`.`id` = 1) LIMIT 1
  [1m[36mCACHE (0.0ms)[0m  [1mSELECT `experiments`.* FROM `experiments` WHERE (`experiments`.`id` = 1) LIMIT 1[0m
  [1m[35mCACHE (0.0ms)[0m  SELECT `experiments`.* FROM `experiments` WHERE (`experiments`.`id` = 1) LIMIT 1
  [1m[36mCACHE (0.0ms)[0m  [1mSELECT `experiments`.* FROM `experiments` WHERE (`experiments`.`id` = 1) LIMIT 1[0m
  [1m[35mCACHE (0.0ms)[0m  SELECT `experiments`.* FROM `experiments` WHERE (`experiments`.`id` = 1) LIMIT 1
  [1m[36mCACHE (0.0ms)[0m  [1mSELECT `experiments`.* FROM `experiments` WHERE (`experiments`.`id` = 1) LIMIT 1[0m
  [1m[35mCACHE (0.0ms)[0m  SELECT `experiments`.* FROM `experiments` WHERE (`experiments`.`id` = 1) LIMIT 1
  [1m[36mCACHE (0.0ms)[0m  [1mSELECT `experiments`.* FROM `experiments` WHERE (`experiments`.`id` = 1) LIMIT 1[0m
  [1m[35mCACHE (0.0ms)[0m  SELECT `experiments`.* FROM `experiments` WHERE (`experiments`.`id` = 1) LIMIT 1
  [1m[36mCACHE (0.0ms)[0m  [1mSELECT `experiments`.* FROM `experiments` WHERE (`experiments`.`id` = 1) LIMIT 1[0m
  [1m[35mCACHE (0.0ms)[0m  SELECT `experiments`.* FROM `experiments` WHERE (`experiments`.`id` = 1) LIMIT 1
  [1m[36mCACHE (0.0ms)[0m  [1mSELECT `experiments`.* FROM `experiments` WHERE (`experiments`.`id` = 1) LIMIT 1[0m
  [1m[35mCACHE (0.0ms)[0m  SELECT `experiments`.* FROM `experiments` WHERE (`experiments`.`id` = 1) LIMIT 1
  [1m[36mCACHE (0.0ms)[0m  [1mSELECT `experiments`.* FROM `experiments` WHERE (`experiments`.`id` = 1) LIMIT 1[0m
  [1m[35mCACHE (0.0ms)[0m  SELECT `experiments`.* FROM `experiments` WHERE (`experiments`.`id` = 1) LIMIT 1
  [1m[36mCACHE (0.0ms)[0m  [1mSELECT `experiments`.* FROM `experiments` WHERE (`experiments`.`id` = 1) LIMIT 1[0m
  [1m[35mCACHE (0.0ms)[0m  SELECT `experiments`.* FROM `experiments` WHERE (`experiments`.`id` = 1) LIMIT 1
  [1m[36mCACHE (0.0ms)[0m  [1mSELECT `experiments`.* FROM `experiments` WHERE (`experiments`.`id` = 1) LIMIT 1[0m
  [1m[35mSQL (0.3ms)[0m  SELECT COUNT(*) AS count_id FROM (SELECT 1 FROM `appointments` WHERE (`appointments`.slot_id = 1)) AS subquery
  [1m[36mSQL (0.4ms)[0m  [1mSELECT COUNT(*) AS count_id FROM `subjects` INNER JOIN `appointments` ON `subjects`.id = `appointments`.subject_id WHERE ((`appointments`.slot_id = 1))[0m
  [1m[35mSQL (0.3ms)[0m  SELECT COUNT(*) AS count_id FROM (SELECT 1 FROM `appointments` WHERE (`appointments`.slot_id = 2)) AS subquery
  [1m[36mSQL (0.3ms)[0m  [1mSELECT COUNT(*) AS count_id FROM `subjects` INNER JOIN `appointments` ON `subjects`.id = `appointments`.subject_id WHERE ((`appointments`.slot_id = 2))[0m
  [1m[35mSQL (0.2ms)[0m  SELECT COUNT(*) AS count_id FROM (SELECT 1 FROM `appointments` WHERE (`appointments`.slot_id = 16)) AS subquery
  [1m[36mSQL (0.2ms)[0m  [1mSELECT COUNT(*) AS count_id FROM `subjects` INNER JOIN `appointments` ON `subjects`.id = `appointments`.subject_id WHERE ((`appointments`.slot_id = 16))[0m
  [1m[35mSQL (0.2ms)[0m  SELECT COUNT(*) AS count_id FROM (SELECT 1 FROM `appointments` WHERE (`appointments`.slot_id = 15)) AS subquery
  [1m[36mSQL (0.3ms)[0m  [1mSELECT COUNT(*) AS count_id FROM `subjects` INNER JOIN `appointments` ON `subjects`.id = `appointments`.subject_id WHERE ((`appointments`.slot_id = 15))[0m
  [1m[35mSQL (0.2ms)[0m  SELECT COUNT(*) AS count_id FROM (SELECT 1 FROM `appointments` WHERE (`appointments`.slot_id = 3)) AS subquery
  [1m[36mSQL (0.3ms)[0m  [1mSELECT COUNT(*) AS count_id FROM `subjects` INNER JOIN `appointments` ON `subjects`.id = `appointments`.subject_id WHERE ((`appointments`.slot_id = 3))[0m
  [1m[35mSQL (0.3ms)[0m  SELECT COUNT(*) AS count_id FROM (SELECT 1 FROM `appointments` WHERE (`appointments`.slot_id = 14)) AS subquery
  [1m[36mSQL (0.2ms)[0m  [1mSELECT COUNT(*) AS count_id FROM `subjects` INNER JOIN `appointments` ON `subjects`.id = `appointments`.subject_id WHERE ((`appointments`.slot_id = 14))[0m
  [1m[35mSQL (0.2ms)[0m  SELECT COUNT(*) AS count_id FROM (SELECT 1 FROM `appointments` WHERE (`appointments`.slot_id = 13)) AS subquery
  [1m[36mSQL (0.2ms)[0m  [1mSELECT COUNT(*) AS count_id FROM `subjects` INNER JOIN `appointments` ON `subjects`.id = `appointments`.subject_id WHERE ((`appointments`.slot_id = 13))[0m
  [1m[35mSQL (0.3ms)[0m  SELECT COUNT(*) AS count_id FROM (SELECT 1 FROM `appointments` WHERE (`appointments`.slot_id = 12)) AS subquery
  [1m[36mSQL (0.3ms)[0m  [1mSELECT COUNT(*) AS count_id FROM `subjects` INNER JOIN `appointments` ON `subjects`.id = `appointments`.subject_id WHERE ((`appointments`.slot_id = 12))[0m
  [1m[35mSQL (0.3ms)[0m  SELECT COUNT(*) AS count_id FROM (SELECT 1 FROM `appointments` WHERE (`appointments`.slot_id = 11)) AS subquery
  [1m[36mSQL (0.4ms)[0m  [1mSELECT COUNT(*) AS count_id FROM `subjects` INNER JOIN `appointments` ON `subjects`.id = `appointments`.subject_id WHERE ((`appointments`.slot_id = 11))[0m
  [1m[35mSQL (0.3ms)[0m  SELECT COUNT(*) AS count_id FROM (SELECT 1 FROM `appointments` WHERE (`appointments`.slot_id = 10)) AS subquery
  [1m[36mSQL (0.3ms)[0m  [1mSELECT COUNT(*) AS count_id FROM `subjects` INNER JOIN `appointments` ON `subjects`.id = `appointments`.subject_id WHERE ((`appointments`.slot_id = 10))[0m
  [1m[35mSQL (0.3ms)[0m  SELECT COUNT(*) AS count_id FROM (SELECT 1 FROM `appointments` WHERE (`appointments`.slot_id = 9)) AS subquery
  [1m[36mSQL (0.3ms)[0m  [1mSELECT COUNT(*) AS count_id FROM `subjects` INNER JOIN `appointments` ON `subjects`.id = `appointments`.subject_id WHERE ((`appointments`.slot_id = 9))[0m
  [1m[35mSQL (0.2ms)[0m  SELECT COUNT(*) AS count_id FROM (SELECT 1 FROM `appointments` WHERE (`appointments`.slot_id = 8)) AS subquery
  [1m[36mSQL (0.2ms)[0m  [1mSELECT COUNT(*) AS count_id FROM `subjects` INNER JOIN `appointments` ON `subjects`.id = `appointments`.subject_id WHERE ((`appointments`.slot_id = 8))[0m
  [1m[35mSQL (0.3ms)[0m  SELECT COUNT(*) AS count_id FROM (SELECT 1 FROM `appointments` WHERE (`appointments`.slot_id = 7)) AS subquery
  [1m[36mSQL (0.3ms)[0m  [1mSELECT COUNT(*) AS count_id FROM `subjects` INNER JOIN `appointments` ON `subjects`.id = `appointments`.subject_id WHERE ((`appointments`.slot_id = 7))[0m
  [1m[35mSQL (0.3ms)[0m  SELECT COUNT(*) AS count_id FROM (SELECT 1 FROM `appointments` WHERE (`appointments`.slot_id = 6)) AS subquery
  [1m[36mSQL (0.3ms)[0m  [1mSELECT COUNT(*) AS count_id FROM `subjects` INNER JOIN `appointments` ON `subjects`.id = `appointments`.subject_id WHERE ((`appointments`.slot_id = 6))[0m
  [1m[35mSQL (0.3ms)[0m  SELECT COUNT(*) AS count_id FROM (SELECT 1 FROM `appointments` WHERE (`appointments`.slot_id = 5)) AS subquery
  [1m[36mSQL (0.3ms)[0m  [1mSELECT COUNT(*) AS count_id FROM `subjects` INNER JOIN `appointments` ON `subjects`.id = `appointments`.subject_id WHERE ((`appointments`.slot_id = 5))[0m
  [1m[35mSQL (0.3ms)[0m  SELECT COUNT(*) AS count_id FROM (SELECT 1 FROM `appointments` WHERE (`appointments`.slot_id = 4)) AS subquery
  [1m[36mSQL (0.9ms)[0m  [1mSELECT COUNT(*) AS count_id FROM `subjects` INNER JOIN `appointments` ON `subjects`.id = `appointments`.subject_id WHERE ((`appointments`.slot_id = 4))[0m
  [1m[35mSQL (0.3ms)[0m  SELECT COUNT(*) AS count_id FROM (SELECT 1 FROM `appointments` WHERE (`appointments`.slot_id = 19)) AS subquery
  [1m[36mSQL (0.3ms)[0m  [1mSELECT COUNT(*) AS count_id FROM `subjects` INNER JOIN `appointments` ON `subjects`.id = `appointments`.subject_id WHERE ((`appointments`.slot_id = 19))[0m
  [1m[35mSQL (0.4ms)[0m  SELECT COUNT(*) AS count_id FROM (SELECT 1 FROM `appointments` WHERE (`appointments`.slot_id = 21)) AS subquery
  [1m[36mSQL (0.3ms)[0m  [1mSELECT COUNT(*) AS count_id FROM `subjects` INNER JOIN `appointments` ON `subjects`.id = `appointments`.subject_id WHERE ((`appointments`.slot_id = 21))[0m
  [1m[35mSQL (0.4ms)[0m  SELECT COUNT(*) AS count_id FROM (SELECT 1 FROM `appointments` WHERE (`appointments`.slot_id = 17)) AS subquery
  [1m[36mSQL (0.3ms)[0m  [1mSELECT COUNT(*) AS count_id FROM `subjects` INNER JOIN `appointments` ON `subjects`.id = `appointments`.subject_id WHERE ((`appointments`.slot_id = 17))[0m
  [1m[35mSQL (0.2ms)[0m  SELECT COUNT(*) AS count_id FROM (SELECT 1 FROM `appointments` WHERE (`appointments`.slot_id = 47)) AS subquery
  [1m[36mSQL (0.3ms)[0m  [1mSELECT COUNT(*) AS count_id FROM `subjects` INNER JOIN `appointments` ON `subjects`.id = `appointments`.subject_id WHERE ((`appointments`.slot_id = 47))[0m
  [1m[35mSQL (0.3ms)[0m  SELECT COUNT(*) AS count_id FROM (SELECT 1 FROM `appointments` WHERE (`appointments`.slot_id = 45)) AS subquery
  [1m[36mSQL (0.3ms)[0m  [1mSELECT COUNT(*) AS count_id FROM `subjects` INNER JOIN `appointments` ON `subjects`.id = `appointments`.subject_id WHERE ((`appointments`.slot_id = 45))[0m
  [1m[35mCACHE (0.0ms)[0m  SELECT COUNT(*) AS count_id FROM `subjects` INNER JOIN `appointments` ON `subjects`.id = `appointments`.subject_id WHERE ((`appointments`.slot_id = 1))
  [1m[36mCACHE (0.0ms)[0m  [1mSELECT COUNT(*) AS count_id FROM `subjects` INNER JOIN `appointments` ON `subjects`.id = `appointments`.subject_id WHERE ((`appointments`.slot_id = 1))[0m
  [1m[35mCACHE (0.0ms)[0m  SELECT COUNT(*) AS count_id FROM `subjects` INNER JOIN `appointments` ON `subjects`.id = `appointments`.subject_id WHERE ((`appointments`.slot_id = 1))
  [1m[36mSubject Load (0.5ms)[0m  [1mSELECT `subjects`.* FROM `subjects` INNER JOIN `appointments` ON `subjects`.id = `appointments`.subject_id WHERE ((`appointments`.slot_id = 1))[0m
Rendered slots/_show.html.erb (83.6ms)
  [1m[35mCACHE (0.0ms)[0m  SELECT COUNT(*) AS count_id FROM `subjects` INNER JOIN `appointments` ON `subjects`.id = `appointments`.subject_id WHERE ((`appointments`.slot_id = 2))
  [1m[36mSubject Load (0.3ms)[0m  [1mSELECT `subjects`.* FROM `subjects` INNER JOIN `appointments` ON `subjects`.id = `appointments`.subject_id WHERE ((`appointments`.slot_id = 2))[0m
Rendered slots/_show.html.erb (6.4ms)
  [1m[35mCACHE (0.0ms)[0m  SELECT COUNT(*) AS count_id FROM `subjects` INNER JOIN `appointments` ON `subjects`.id = `appointments`.subject_id WHERE ((`appointments`.slot_id = 16))
  [1m[36mSubject Load (0.4ms)[0m  [1mSELECT `subjects`.* FROM `subjects` INNER JOIN `appointments` ON `subjects`.id = `appointments`.subject_id WHERE ((`appointments`.slot_id = 16))[0m
Rendered slots/_show.html.erb (6.2ms)
  [1m[35mCACHE (0.0ms)[0m  SELECT COUNT(*) AS count_id FROM `subjects` INNER JOIN `appointments` ON `subjects`.id = `appointments`.subject_id WHERE ((`appointments`.slot_id = 15))
  [1m[36mSubject Load (0.4ms)[0m  [1mSELECT `subjects`.* FROM `subjects` INNER JOIN `appointments` ON `subjects`.id = `appointments`.subject_id WHERE ((`appointments`.slot_id = 15))[0m
Rendered slots/_show.html.erb (5.8ms)
  [1m[35mCACHE (0.0ms)[0m  SELECT COUNT(*) AS count_id FROM `subjects` INNER JOIN `appointments` ON `subjects`.id = `appointments`.subject_id WHERE ((`appointments`.slot_id = 3))
  [1m[36mSubject Load (0.4ms)[0m  [1mSELECT `subjects`.* FROM `subjects` INNER JOIN `appointments` ON `subjects`.id = `appointments`.subject_id WHERE ((`appointments`.slot_id = 3))[0m
Rendered slots/_show.html.erb (5.7ms)
  [1m[35mCACHE (0.0ms)[0m  SELECT COUNT(*) AS count_id FROM `subjects` INNER JOIN `appointments` ON `subjects`.id = `appointments`.subject_id WHERE ((`appointments`.slot_id = 14))
  [1m[36mSubject Load (1.3ms)[0m  [1mSELECT `subjects`.* FROM `subjects` INNER JOIN `appointments` ON `subjects`.id = `appointments`.subject_id WHERE ((`appointments`.slot_id = 14))[0m
Rendered slots/_show.html.erb (6.9ms)
  [1m[35mCACHE (0.0ms)[0m  SELECT COUNT(*) AS count_id FROM `subjects` INNER JOIN `appointments` ON `subjects`.id = `appointments`.subject_id WHERE ((`appointments`.slot_id = 13))
  [1m[36mSubject Load (0.4ms)[0m  [1mSELECT `subjects`.* FROM `subjects` INNER JOIN `appointments` ON `subjects`.id = `appointments`.subject_id WHERE ((`appointments`.slot_id = 13))[0m
Rendered slots/_show.html.erb (7.5ms)
  [1m[35mCACHE (0.0ms)[0m  SELECT COUNT(*) AS count_id FROM `subjects` INNER JOIN `appointments` ON `subjects`.id = `appointments`.subject_id WHERE ((`appointments`.slot_id = 12))
  [1m[36mSubject Load (0.4ms)[0m  [1mSELECT `subjects`.* FROM `subjects` INNER JOIN `appointments` ON `subjects`.id = `appointments`.subject_id WHERE ((`appointments`.slot_id = 12))[0m
Rendered slots/_show.html.erb (108.9ms)
  [1m[35mCACHE (0.0ms)[0m  SELECT COUNT(*) AS count_id FROM `subjects` INNER JOIN `appointments` ON `subjects`.id = `appointments`.subject_id WHERE ((`appointments`.slot_id = 11))
  [1m[36mSubject Load (0.4ms)[0m  [1mSELECT `subjects`.* FROM `subjects` INNER JOIN `appointments` ON `subjects`.id = `appointments`.subject_id WHERE ((`appointments`.slot_id = 11))[0m
Rendered slots/_show.html.erb (6.2ms)
  [1m[35mCACHE (0.0ms)[0m  SELECT COUNT(*) AS count_id FROM `subjects` INNER JOIN `appointments` ON `subjects`.id = `appointments`.subject_id WHERE ((`appointments`.slot_id = 10))
  [1m[36mSubject Load (0.4ms)[0m  [1mSELECT `subjects`.* FROM `subjects` INNER JOIN `appointments` ON `subjects`.id = `appointments`.subject_id WHERE ((`appointments`.slot_id = 10))[0m
Rendered slots/_show.html.erb (6.0ms)
  [1m[35mCACHE (0.0ms)[0m  SELECT COUNT(*) AS count_id FROM `subjects` INNER JOIN `appointments` ON `subjects`.id = `appointments`.subject_id WHERE ((`appointments`.slot_id = 9))
  [1m[36mSubject Load (0.3ms)[0m  [1mSELECT `subjects`.* FROM `subjects` INNER JOIN `appointments` ON `subjects`.id = `appointments`.subject_id WHERE ((`appointments`.slot_id = 9))[0m
Rendered slots/_show.html.erb (5.8ms)
  [1m[35mCACHE (0.0ms)[0m  SELECT COUNT(*) AS count_id FROM `subjects` INNER JOIN `appointments` ON `subjects`.id = `appointments`.subject_id WHERE ((`appointments`.slot_id = 8))
  [1m[36mSubject Load (0.4ms)[0m  [1mSELECT `subjects`.* FROM `subjects` INNER JOIN `appointments` ON `subjects`.id = `appointments`.subject_id WHERE ((`appointments`.slot_id = 8))[0m
Rendered slots/_show.html.erb (5.8ms)
  [1m[35mCACHE (0.0ms)[0m  SELECT COUNT(*) AS count_id FROM `subjects` INNER JOIN `appointments` ON `subjects`.id = `appointments`.subject_id WHERE ((`appointments`.slot_id = 7))
  [1m[36mSubject Load (0.3ms)[0m  [1mSELECT `subjects`.* FROM `subjects` INNER JOIN `appointments` ON `subjects`.id = `appointments`.subject_id WHERE ((`appointments`.slot_id = 7))[0m
Rendered slots/_show.html.erb (5.8ms)
  [1m[35mCACHE (0.0ms)[0m  SELECT COUNT(*) AS count_id FROM `subjects` INNER JOIN `appointments` ON `subjects`.id = `appointments`.subject_id WHERE ((`appointments`.slot_id = 6))
  [1m[36mSubject Load (0.4ms)[0m  [1mSELECT `subjects`.* FROM `subjects` INNER JOIN `appointments` ON `subjects`.id = `appointments`.subject_id WHERE ((`appointments`.slot_id = 6))[0m
Rendered slots/_show.html.erb (12.8ms)
  [1m[35mCACHE (0.0ms)[0m  SELECT COUNT(*) AS count_id FROM `subjects` INNER JOIN `appointments` ON `subjects`.id = `appointments`.subject_id WHERE ((`appointments`.slot_id = 5))
  [1m[36mSubject Load (0.4ms)[0m  [1mSELECT `subjects`.* FROM `subjects` INNER JOIN `appointments` ON `subjects`.id = `appointments`.subject_id WHERE ((`appointments`.slot_id = 5))[0m
Rendered slots/_show.html.erb (6.3ms)
  [1m[35mCACHE (0.0ms)[0m  SELECT COUNT(*) AS count_id FROM `subjects` INNER JOIN `appointments` ON `subjects`.id = `appointments`.subject_id WHERE ((`appointments`.slot_id = 4))
  [1m[36mSubject Load (0.4ms)[0m  [1mSELECT `subjects`.* FROM `subjects` INNER JOIN `appointments` ON `subjects`.id = `appointments`.subject_id WHERE ((`appointments`.slot_id = 4))[0m
Rendered slots/_show.html.erb (5.8ms)
  [1m[35mCACHE (0.0ms)[0m  SELECT COUNT(*) AS count_id FROM `subjects` INNER JOIN `appointments` ON `subjects`.id = `appointments`.subject_id WHERE ((`appointments`.slot_id = 19))
  [1m[36mSubject Load (0.4ms)[0m  [1mSELECT `subjects`.* FROM `subjects` INNER JOIN `appointments` ON `subjects`.id = `appointments`.subject_id WHERE ((`appointments`.slot_id = 19))[0m
Rendered slots/_show.html.erb (6.2ms)
  [1m[35mCACHE (0.0ms)[0m  SELECT COUNT(*) AS count_id FROM `subjects` INNER JOIN `appointments` ON `subjects`.id = `appointments`.subject_id WHERE ((`appointments`.slot_id = 21))
  [1m[36mSubject Load (0.4ms)[0m  [1mSELECT `subjects`.* FROM `subjects` INNER JOIN `appointments` ON `subjects`.id = `appointments`.subject_id WHERE ((`appointments`.slot_id = 21))[0m
Rendered slots/_show.html.erb (5.9ms)
  [1m[35mCACHE (0.0ms)[0m  SELECT COUNT(*) AS count_id FROM `subjects` INNER JOIN `appointments` ON `subjects`.id = `appointments`.subject_id WHERE ((`appointments`.slot_id = 17))
  [1m[36mSubject Load (0.4ms)[0m  [1mSELECT `subjects`.* FROM `subjects` INNER JOIN `appointments` ON `subjects`.id = `appointments`.subject_id WHERE ((`appointments`.slot_id = 17))[0m
Rendered slots/_show.html.erb (9.1ms)
  [1m[35mCACHE (0.0ms)[0m  SELECT COUNT(*) AS count_id FROM `subjects` INNER JOIN `appointments` ON `subjects`.id = `appointments`.subject_id WHERE ((`appointments`.slot_id = 47))
  [1m[36mSubject Load (0.4ms)[0m  [1mSELECT `subjects`.* FROM `subjects` INNER JOIN `appointments` ON `subjects`.id = `appointments`.subject_id WHERE ((`appointments`.slot_id = 47))[0m
Rendered slots/_show.html.erb (6.0ms)
  [1m[35mCACHE (0.0ms)[0m  SELECT COUNT(*) AS count_id FROM `subjects` INNER JOIN `appointments` ON `subjects`.id = `appointments`.subject_id WHERE ((`appointments`.slot_id = 45))
  [1m[36mCACHE (0.0ms)[0m  [1mSELECT COUNT(*) AS count_id FROM `subjects` INNER JOIN `appointments` ON `subjects`.id = `appointments`.subject_id WHERE ((`appointments`.slot_id = 45))[0m
  [1m[35mCACHE (0.0ms)[0m  SELECT COUNT(*) AS count_id FROM `subjects` INNER JOIN `appointments` ON `subjects`.id = `appointments`.subject_id WHERE ((`appointments`.slot_id = 45))
  [1m[36mSubject Load (0.4ms)[0m  [1mSELECT `subjects`.* FROM `subjects` INNER JOIN `appointments` ON `subjects`.id = `appointments`.subject_id WHERE ((`appointments`.slot_id = 45))[0m
Rendered slots/_show.html.erb (123.0ms)
Rendered slots/_slot_table.html.erb (686.4ms)
  [1m[35mLocation Load (0.4ms)[0m  SELECT `locations`.* FROM `locations` WHERE (`locations`.`id` = 1) LIMIT 1
  [1m[36mGoogleCalendar Load (0.2ms)[0m  [1mSELECT `google_calendars`.* FROM `google_calendars` WHERE (`google_calendars`.`id` = 1) LIMIT 1[0m
Rendered helpers/_header.html.erb (3.7ms)
  [1m[35mExperiment Load (0.4ms)[0m  SELECT `experiments`.* FROM `experiments` WHERE (`experiments`.user_id = 9)
Rendered experiments/_list.html.erb (2.4ms)
Rendered helpers/_footer.html.erb (0.5ms)
Rendered experiments/show.html.erb within layouts/application (763.2ms)
Completed 200 OK in 928ms (Views: 748.3ms | ActiveRecord: 26.3ms)


Started GET "/experiments/321060967" for 127.0.0.1 at Mon Dec 06 18:47:53 +0100 2010
  [1m[36mSQL (1.3ms)[0m  [1mdescribe `roles_users`[0m
  [1m[35mSQL (1.3ms)[0m  describe `roles_users`
  Processing by ExperimentsController#show as HTML
  Parameters: {"id"=>"321060967"}
  [1m[36mUser Load (0.3ms)[0m  [1mSELECT `users`.* FROM `users` WHERE (`users`.`id` = 9) LIMIT 1[0m
  [1m[35mExperiment Load (0.3ms)[0m  SELECT `experiments`.* FROM `experiments` WHERE (`experiments`.`hashed_id` = 321060967) LIMIT 1
  [1m[36mSlot Load (0.5ms)[0m  [1mSELECT `slots`.* FROM `slots` WHERE (`slots`.experiment_id = 1) ORDER BY time[0m
  [1m[35mCACHE (0.0ms)[0m  SELECT `users`.* FROM `users` WHERE (`users`.`id` = 9) LIMIT 1
  [1m[36mGroup Load (0.4ms)[0m  [1mSELECT `groups`.* FROM `groups` WHERE (`groups`.`id` = 1) LIMIT 1[0m
Rendered slots/_form.html.erb (6.0ms)
  [1m[35mExperiment Load (0.3ms)[0m  SELECT `experiments`.* FROM `experiments` WHERE (`experiments`.`id` = 1) LIMIT 1
  [1m[36mCACHE (0.0ms)[0m  [1mSELECT `experiments`.* FROM `experiments` WHERE (`experiments`.`id` = 1) LIMIT 1[0m
  [1m[35mCACHE (0.0ms)[0m  SELECT `experiments`.* FROM `experiments` WHERE (`experiments`.`id` = 1) LIMIT 1
  [1m[36mCACHE (0.0ms)[0m  [1mSELECT `experiments`.* FROM `experiments` WHERE (`experiments`.`id` = 1) LIMIT 1[0m
  [1m[35mCACHE (0.0ms)[0m  SELECT `experiments`.* FROM `experiments` WHERE (`experiments`.`id` = 1) LIMIT 1
  [1m[36mCACHE (0.0ms)[0m  [1mSELECT `experiments`.* FROM `experiments` WHERE (`experiments`.`id` = 1) LIMIT 1[0m
  [1m[35mCACHE (0.0ms)[0m  SELECT `experiments`.* FROM `experiments` WHERE (`experiments`.`id` = 1) LIMIT 1
  [1m[36mCACHE (0.0ms)[0m  [1mSELECT `experiments`.* FROM `experiments` WHERE (`experiments`.`id` = 1) LIMIT 1[0m
  [1m[35mCACHE (0.0ms)[0m  SELECT `experiments`.* FROM `experiments` WHERE (`experiments`.`id` = 1) LIMIT 1
  [1m[36mCACHE (0.0ms)[0m  [1mSELECT `experiments`.* FROM `experiments` WHERE (`experiments`.`id` = 1) LIMIT 1[0m
  [1m[35mCACHE (0.0ms)[0m  SELECT `experiments`.* FROM `experiments` WHERE (`experiments`.`id` = 1) LIMIT 1
  [1m[36mCACHE (0.0ms)[0m  [1mSELECT `experiments`.* FROM `experiments` WHERE (`experiments`.`id` = 1) LIMIT 1[0m
  [1m[35mCACHE (0.0ms)[0m  SELECT `experiments`.* FROM `experiments` WHERE (`experiments`.`id` = 1) LIMIT 1
  [1m[36mCACHE (0.0ms)[0m  [1mSELECT `experiments`.* FROM `experiments` WHERE (`experiments`.`id` = 1) LIMIT 1[0m
  [1m[35mCACHE (0.0ms)[0m  SELECT `experiments`.* FROM `experiments` WHERE (`experiments`.`id` = 1) LIMIT 1
  [1m[36mCACHE (0.0ms)[0m  [1mSELECT `experiments`.* FROM `experiments` WHERE (`experiments`.`id` = 1) LIMIT 1[0m
  [1m[35mCACHE (0.0ms)[0m  SELECT `experiments`.* FROM `experiments` WHERE (`experiments`.`id` = 1) LIMIT 1
  [1m[36mCACHE (0.0ms)[0m  [1mSELECT `experiments`.* FROM `experiments` WHERE (`experiments`.`id` = 1) LIMIT 1[0m
  [1m[35mCACHE (0.0ms)[0m  SELECT `experiments`.* FROM `experiments` WHERE (`experiments`.`id` = 1) LIMIT 1
  [1m[36mCACHE (0.0ms)[0m  [1mSELECT `experiments`.* FROM `experiments` WHERE (`experiments`.`id` = 1) LIMIT 1[0m
  [1m[35mCACHE (0.0ms)[0m  SELECT `experiments`.* FROM `experiments` WHERE (`experiments`.`id` = 1) LIMIT 1
  [1m[36mSQL (0.7ms)[0m  [1mSELECT COUNT(*) AS count_id FROM (SELECT 1 FROM `appointments` WHERE (`appointments`.slot_id = 1)) AS subquery[0m
  [1m[35mSQL (0.4ms)[0m  SELECT COUNT(*) AS count_id FROM `subjects` INNER JOIN `appointments` ON `subjects`.id = `appointments`.subject_id WHERE ((`appointments`.slot_id = 1))
  [1m[36mSQL (0.3ms)[0m  [1mSELECT COUNT(*) AS count_id FROM (SELECT 1 FROM `appointments` WHERE (`appointments`.slot_id = 2)) AS subquery[0m
  [1m[35mSQL (0.3ms)[0m  SELECT COUNT(*) AS count_id FROM `subjects` INNER JOIN `appointments` ON `subjects`.id = `appointments`.subject_id WHERE ((`appointments`.slot_id = 2))
  [1m[36mSQL (0.3ms)[0m  [1mSELECT COUNT(*) AS count_id FROM (SELECT 1 FROM `appointments` WHERE (`appointments`.slot_id = 16)) AS subquery[0m
  [1m[35mSQL (0.2ms)[0m  SELECT COUNT(*) AS count_id FROM `subjects` INNER JOIN `appointments` ON `subjects`.id = `appointments`.subject_id WHERE ((`appointments`.slot_id = 16))
  [1m[36mSQL (0.2ms)[0m  [1mSELECT COUNT(*) AS count_id FROM (SELECT 1 FROM `appointments` WHERE (`appointments`.slot_id = 15)) AS subquery[0m
  [1m[35mSQL (0.2ms)[0m  SELECT COUNT(*) AS count_id FROM `subjects` INNER JOIN `appointments` ON `subjects`.id = `appointments`.subject_id WHERE ((`appointments`.slot_id = 15))
  [1m[36mSQL (0.2ms)[0m  [1mSELECT COUNT(*) AS count_id FROM (SELECT 1 FROM `appointments` WHERE (`appointments`.slot_id = 3)) AS subquery[0m
  [1m[35mSQL (0.2ms)[0m  SELECT COUNT(*) AS count_id FROM `subjects` INNER JOIN `appointments` ON `subjects`.id = `appointments`.subject_id WHERE ((`appointments`.slot_id = 3))
  [1m[36mSQL (0.2ms)[0m  [1mSELECT COUNT(*) AS count_id FROM (SELECT 1 FROM `appointments` WHERE (`appointments`.slot_id = 14)) AS subquery[0m
  [1m[35mSQL (0.2ms)[0m  SELECT COUNT(*) AS count_id FROM `subjects` INNER JOIN `appointments` ON `subjects`.id = `appointments`.subject_id WHERE ((`appointments`.slot_id = 14))
  [1m[36mSQL (0.2ms)[0m  [1mSELECT COUNT(*) AS count_id FROM (SELECT 1 FROM `appointments` WHERE (`appointments`.slot_id = 13)) AS subquery[0m
  [1m[35mSQL (0.3ms)[0m  SELECT COUNT(*) AS count_id FROM `subjects` INNER JOIN `appointments` ON `subjects`.id = `appointments`.subject_id WHERE ((`appointments`.slot_id = 13))
  [1m[36mSQL (0.2ms)[0m  [1mSELECT COUNT(*) AS count_id FROM (SELECT 1 FROM `appointments` WHERE (`appointments`.slot_id = 12)) AS subquery[0m
  [1m[35mSQL (0.2ms)[0m  SELECT COUNT(*) AS count_id FROM `subjects` INNER JOIN `appointments` ON `subjects`.id = `appointments`.subject_id WHERE ((`appointments`.slot_id = 12))
  [1m[36mSQL (0.4ms)[0m  [1mSELECT COUNT(*) AS count_id FROM (SELECT 1 FROM `appointments` WHERE (`appointments`.slot_id = 11)) AS subquery[0m
  [1m[35mSQL (0.3ms)[0m  SELECT COUNT(*) AS count_id FROM `subjects` INNER JOIN `appointments` ON `subjects`.id = `appointments`.subject_id WHERE ((`appointments`.slot_id = 11))
  [1m[36mSQL (0.3ms)[0m  [1mSELECT COUNT(*) AS count_id FROM (SELECT 1 FROM `appointments` WHERE (`appointments`.slot_id = 10)) AS subquery[0m
  [1m[35mSQL (0.3ms)[0m  SELECT COUNT(*) AS count_id FROM `subjects` INNER JOIN `appointments` ON `subjects`.id = `appointments`.subject_id WHERE ((`appointments`.slot_id = 10))
  [1m[36mSQL (0.3ms)[0m  [1mSELECT COUNT(*) AS count_id FROM (SELECT 1 FROM `appointments` WHERE (`appointments`.slot_id = 9)) AS subquery[0m
  [1m[35mSQL (0.3ms)[0m  SELECT COUNT(*) AS count_id FROM `subjects` INNER JOIN `appointments` ON `subjects`.id = `appointments`.subject_id WHERE ((`appointments`.slot_id = 9))
  [1m[36mSQL (0.2ms)[0m  [1mSELECT COUNT(*) AS count_id FROM (SELECT 1 FROM `appointments` WHERE (`appointments`.slot_id = 8)) AS subquery[0m
  [1m[35mSQL (0.8ms)[0m  SELECT COUNT(*) AS count_id FROM `subjects` INNER JOIN `appointments` ON `subjects`.id = `appointments`.subject_id WHERE ((`appointments`.slot_id = 8))
  [1m[36mSQL (0.3ms)[0m  [1mSELECT COUNT(*) AS count_id FROM (SELECT 1 FROM `appointments` WHERE (`appointments`.slot_id = 7)) AS subquery[0m
  [1m[35mSQL (0.3ms)[0m  SELECT COUNT(*) AS count_id FROM `subjects` INNER JOIN `appointments` ON `subjects`.id = `appointments`.subject_id WHERE ((`appointments`.slot_id = 7))
  [1m[36mSQL (0.2ms)[0m  [1mSELECT COUNT(*) AS count_id FROM (SELECT 1 FROM `appointments` WHERE (`appointments`.slot_id = 6)) AS subquery[0m
  [1m[35mSQL (0.2ms)[0m  SELECT COUNT(*) AS count_id FROM `subjects` INNER JOIN `appointments` ON `subjects`.id = `appointments`.subject_id WHERE ((`appointments`.slot_id = 6))
  [1m[36mSQL (0.2ms)[0m  [1mSELECT COUNT(*) AS count_id FROM (SELECT 1 FROM `appointments` WHERE (`appointments`.slot_id = 5)) AS subquery[0m
  [1m[35mSQL (0.3ms)[0m  SELECT COUNT(*) AS count_id FROM `subjects` INNER JOIN `appointments` ON `subjects`.id = `appointments`.subject_id WHERE ((`appointments`.slot_id = 5))
  [1m[36mSQL (0.2ms)[0m  [1mSELECT COUNT(*) AS count_id FROM (SELECT 1 FROM `appointments` WHERE (`appointments`.slot_id = 4)) AS subquery[0m
  [1m[35mSQL (0.2ms)[0m  SELECT COUNT(*) AS count_id FROM `subjects` INNER JOIN `appointments` ON `subjects`.id = `appointments`.subject_id WHERE ((`appointments`.slot_id = 4))
  [1m[36mSQL (0.2ms)[0m  [1mSELECT COUNT(*) AS count_id FROM (SELECT 1 FROM `appointments` WHERE (`appointments`.slot_id = 19)) AS subquery[0m
  [1m[35mSQL (0.2ms)[0m  SELECT COUNT(*) AS count_id FROM `subjects` INNER JOIN `appointments` ON `subjects`.id = `appointments`.subject_id WHERE ((`appointments`.slot_id = 19))
  [1m[36mSQL (0.3ms)[0m  [1mSELECT COUNT(*) AS count_id FROM (SELECT 1 FROM `appointments` WHERE (`appointments`.slot_id = 21)) AS subquery[0m
  [1m[35mSQL (0.3ms)[0m  SELECT COUNT(*) AS count_id FROM `subjects` INNER JOIN `appointments` ON `subjects`.id = `appointments`.subject_id WHERE ((`appointments`.slot_id = 21))
  [1m[36mSQL (0.2ms)[0m  [1mSELECT COUNT(*) AS count_id FROM (SELECT 1 FROM `appointments` WHERE (`appointments`.slot_id = 17)) AS subquery[0m
  [1m[35mSQL (0.2ms)[0m  SELECT COUNT(*) AS count_id FROM `subjects` INNER JOIN `appointments` ON `subjects`.id = `appointments`.subject_id WHERE ((`appointments`.slot_id = 17))
  [1m[36mSQL (0.2ms)[0m  [1mSELECT COUNT(*) AS count_id FROM (SELECT 1 FROM `appointments` WHERE (`appointments`.slot_id = 47)) AS subquery[0m
  [1m[35mSQL (0.2ms)[0m  SELECT COUNT(*) AS count_id FROM `subjects` INNER JOIN `appointments` ON `subjects`.id = `appointments`.subject_id WHERE ((`appointments`.slot_id = 47))
  [1m[36mSQL (0.3ms)[0m  [1mSELECT COUNT(*) AS count_id FROM (SELECT 1 FROM `appointments` WHERE (`appointments`.slot_id = 45)) AS subquery[0m
  [1m[35mSQL (0.3ms)[0m  SELECT COUNT(*) AS count_id FROM `subjects` INNER JOIN `appointments` ON `subjects`.id = `appointments`.subject_id WHERE ((`appointments`.slot_id = 45))
  [1m[36mCACHE (0.0ms)[0m  [1mSELECT COUNT(*) AS count_id FROM `subjects` INNER JOIN `appointments` ON `subjects`.id = `appointments`.subject_id WHERE ((`appointments`.slot_id = 1))[0m
  [1m[35mCACHE (0.0ms)[0m  SELECT COUNT(*) AS count_id FROM `subjects` INNER JOIN `appointments` ON `subjects`.id = `appointments`.subject_id WHERE ((`appointments`.slot_id = 1))
  [1m[36mCACHE (0.0ms)[0m  [1mSELECT COUNT(*) AS count_id FROM `subjects` INNER JOIN `appointments` ON `subjects`.id = `appointments`.subject_id WHERE ((`appointments`.slot_id = 1))[0m
  [1m[35mSubject Load (0.4ms)[0m  SELECT `subjects`.* FROM `subjects` INNER JOIN `appointments` ON `subjects`.id = `appointments`.subject_id WHERE ((`appointments`.slot_id = 1))
Rendered slots/_show.html.erb (14.8ms)
  [1m[36mCACHE (0.0ms)[0m  [1mSELECT COUNT(*) AS count_id FROM `subjects` INNER JOIN `appointments` ON `subjects`.id = `appointments`.subject_id WHERE ((`appointments`.slot_id = 2))[0m
  [1m[35mSubject Load (0.4ms)[0m  SELECT `subjects`.* FROM `subjects` INNER JOIN `appointments` ON `subjects`.id = `appointments`.subject_id WHERE ((`appointments`.slot_id = 2))
Rendered slots/_show.html.erb (5.7ms)
  [1m[36mCACHE (0.0ms)[0m  [1mSELECT COUNT(*) AS count_id FROM `subjects` INNER JOIN `appointments` ON `subjects`.id = `appointments`.subject_id WHERE ((`appointments`.slot_id = 16))[0m
  [1m[35mSubject Load (0.3ms)[0m  SELECT `subjects`.* FROM `subjects` INNER JOIN `appointments` ON `subjects`.id = `appointments`.subject_id WHERE ((`appointments`.slot_id = 16))
Rendered slots/_show.html.erb (5.6ms)
  [1m[36mCACHE (0.0ms)[0m  [1mSELECT COUNT(*) AS count_id FROM `subjects` INNER JOIN `appointments` ON `subjects`.id = `appointments`.subject_id WHERE ((`appointments`.slot_id = 15))[0m
  [1m[35mSubject Load (0.5ms)[0m  SELECT `subjects`.* FROM `subjects` INNER JOIN `appointments` ON `subjects`.id = `appointments`.subject_id WHERE ((`appointments`.slot_id = 15))
Rendered slots/_show.html.erb (6.1ms)
  [1m[36mCACHE (0.0ms)[0m  [1mSELECT COUNT(*) AS count_id FROM `subjects` INNER JOIN `appointments` ON `subjects`.id = `appointments`.subject_id WHERE ((`appointments`.slot_id = 3))[0m
  [1m[35mSubject Load (0.5ms)[0m  SELECT `subjects`.* FROM `subjects` INNER JOIN `appointments` ON `subjects`.id = `appointments`.subject_id WHERE ((`appointments`.slot_id = 3))
Rendered slots/_show.html.erb (7.6ms)
  [1m[36mCACHE (0.0ms)[0m  [1mSELECT COUNT(*) AS count_id FROM `subjects` INNER JOIN `appointments` ON `subjects`.id = `appointments`.subject_id WHERE ((`appointments`.slot_id = 14))[0m
  [1m[35mSubject Load (0.4ms)[0m  SELECT `subjects`.* FROM `subjects` INNER JOIN `appointments` ON `subjects`.id = `appointments`.subject_id WHERE ((`appointments`.slot_id = 14))
Rendered slots/_show.html.erb (6.1ms)
  [1m[36mCACHE (0.0ms)[0m  [1mSELECT COUNT(*) AS count_id FROM `subjects` INNER JOIN `appointments` ON `subjects`.id = `appointments`.subject_id WHERE ((`appointments`.slot_id = 13))[0m
  [1m[35mSubject Load (0.4ms)[0m  SELECT `subjects`.* FROM `subjects` INNER JOIN `appointments` ON `subjects`.id = `appointments`.subject_id WHERE ((`appointments`.slot_id = 13))
Rendered slots/_show.html.erb (5.8ms)
  [1m[36mCACHE (0.0ms)[0m  [1mSELECT COUNT(*) AS count_id FROM `subjects` INNER JOIN `appointments` ON `subjects`.id = `appointments`.subject_id WHERE ((`appointments`.slot_id = 12))[0m
  [1m[35mSubject Load (0.4ms)[0m  SELECT `subjects`.* FROM `subjects` INNER JOIN `appointments` ON `subjects`.id = `appointments`.subject_id WHERE ((`appointments`.slot_id = 12))
Rendered slots/_show.html.erb (108.8ms)
  [1m[36mCACHE (0.0ms)[0m  [1mSELECT COUNT(*) AS count_id FROM `subjects` INNER JOIN `appointments` ON `subjects`.id = `appointments`.subject_id WHERE ((`appointments`.slot_id = 11))[0m
  [1m[35mSubject Load (0.4ms)[0m  SELECT `subjects`.* FROM `subjects` INNER JOIN `appointments` ON `subjects`.id = `appointments`.subject_id WHERE ((`appointments`.slot_id = 11))
Rendered slots/_show.html.erb (6.4ms)
  [1m[36mCACHE (0.0ms)[0m  [1mSELECT COUNT(*) AS count_id FROM `subjects` INNER JOIN `appointments` ON `subjects`.id = `appointments`.subject_id WHERE ((`appointments`.slot_id = 10))[0m
  [1m[35mSubject Load (0.4ms)[0m  SELECT `subjects`.* FROM `subjects` INNER JOIN `appointments` ON `subjects`.id = `appointments`.subject_id WHERE ((`appointments`.slot_id = 10))
Rendered slots/_show.html.erb (6.4ms)
  [1m[36mCACHE (0.0ms)[0m  [1mSELECT COUNT(*) AS count_id FROM `subjects` INNER JOIN `appointments` ON `subjects`.id = `appointments`.subject_id WHERE ((`appointments`.slot_id = 9))[0m
  [1m[35mSubject Load (0.4ms)[0m  SELECT `subjects`.* FROM `subjects` INNER JOIN `appointments` ON `subjects`.id = `appointments`.subject_id WHERE ((`appointments`.slot_id = 9))
Rendered slots/_show.html.erb (6.0ms)
  [1m[36mCACHE (0.0ms)[0m  [1mSELECT COUNT(*) AS count_id FROM `subjects` INNER JOIN `appointments` ON `subjects`.id = `appointments`.subject_id WHERE ((`appointments`.slot_id = 8))[0m
  [1m[35mSubject Load (0.4ms)[0m  SELECT `subjects`.* FROM `subjects` INNER JOIN `appointments` ON `subjects`.id = `appointments`.subject_id WHERE ((`appointments`.slot_id = 8))
Rendered slots/_show.html.erb (5.8ms)
  [1m[36mCACHE (0.0ms)[0m  [1mSELECT COUNT(*) AS count_id FROM `subjects` INNER JOIN `appointments` ON `subjects`.id = `appointments`.subject_id WHERE ((`appointments`.slot_id = 7))[0m
  [1m[35mSubject Load (1.1ms)[0m  SELECT `subjects`.* FROM `subjects` INNER JOIN `appointments` ON `subjects`.id = `appointments`.subject_id WHERE ((`appointments`.slot_id = 7))
Rendered slots/_show.html.erb (6.8ms)
  [1m[36mCACHE (0.0ms)[0m  [1mSELECT COUNT(*) AS count_id FROM `subjects` INNER JOIN `appointments` ON `subjects`.id = `appointments`.subject_id WHERE ((`appointments`.slot_id = 6))[0m
  [1m[35mSubject Load (0.4ms)[0m  SELECT `subjects`.* FROM `subjects` INNER JOIN `appointments` ON `subjects`.id = `appointments`.subject_id WHERE ((`appointments`.slot_id = 6))
Rendered slots/_show.html.erb (7.5ms)
  [1m[36mCACHE (0.0ms)[0m  [1mSELECT COUNT(*) AS count_id FROM `subjects` INNER JOIN `appointments` ON `subjects`.id = `appointments`.subject_id WHERE ((`appointments`.slot_id = 5))[0m
  [1m[35mSubject Load (0.4ms)[0m  SELECT `subjects`.* FROM `subjects` INNER JOIN `appointments` ON `subjects`.id = `appointments`.subject_id WHERE ((`appointments`.slot_id = 5))
Rendered slots/_show.html.erb (5.8ms)
  [1m[36mCACHE (0.0ms)[0m  [1mSELECT COUNT(*) AS count_id FROM `subjects` INNER JOIN `appointments` ON `subjects`.id = `appointments`.subject_id WHERE ((`appointments`.slot_id = 4))[0m
  [1m[35mSubject Load (0.4ms)[0m  SELECT `subjects`.* FROM `subjects` INNER JOIN `appointments` ON `subjects`.id = `appointments`.subject_id WHERE ((`appointments`.slot_id = 4))
Rendered slots/_show.html.erb (5.9ms)
  [1m[36mCACHE (0.0ms)[0m  [1mSELECT COUNT(*) AS count_id FROM `subjects` INNER JOIN `appointments` ON `subjects`.id = `appointments`.subject_id WHERE ((`appointments`.slot_id = 19))[0m
  [1m[35mSubject Load (0.3ms)[0m  SELECT `subjects`.* FROM `subjects` INNER JOIN `appointments` ON `subjects`.id = `appointments`.subject_id WHERE ((`appointments`.slot_id = 19))
Rendered slots/_show.html.erb (5.7ms)
  [1m[36mCACHE (0.0ms)[0m  [1mSELECT COUNT(*) AS count_id FROM `subjects` INNER JOIN `appointments` ON `subjects`.id = `appointments`.subject_id WHERE ((`appointments`.slot_id = 21))[0m
  [1m[35mSubject Load (0.3ms)[0m  SELECT `subjects`.* FROM `subjects` INNER JOIN `appointments` ON `subjects`.id = `appointments`.subject_id WHERE ((`appointments`.slot_id = 21))
Rendered slots/_show.html.erb (5.9ms)
  [1m[36mCACHE (0.0ms)[0m  [1mSELECT COUNT(*) AS count_id FROM `subjects` INNER JOIN `appointments` ON `subjects`.id = `appointments`.subject_id WHERE ((`appointments`.slot_id = 17))[0m
  [1m[35mSubject Load (2.0ms)[0m  SELECT `subjects`.* FROM `subjects` INNER JOIN `appointments` ON `subjects`.id = `appointments`.subject_id WHERE ((`appointments`.slot_id = 17))
Rendered slots/_show.html.erb (8.3ms)
  [1m[36mCACHE (0.0ms)[0m  [1mSELECT COUNT(*) AS count_id FROM `subjects` INNER JOIN `appointments` ON `subjects`.id = `appointments`.subject_id WHERE ((`appointments`.slot_id = 47))[0m
  [1m[35mSubject Load (0.4ms)[0m  SELECT `subjects`.* FROM `subjects` INNER JOIN `appointments` ON `subjects`.id = `appointments`.subject_id WHERE ((`appointments`.slot_id = 47))
Rendered slots/_show.html.erb (10.9ms)
  [1m[36mCACHE (0.0ms)[0m  [1mSELECT COUNT(*) AS count_id FROM `subjects` INNER JOIN `appointments` ON `subjects`.id = `appointments`.subject_id WHERE ((`appointments`.slot_id = 45))[0m
  [1m[35mCACHE (0.0ms)[0m  SELECT COUNT(*) AS count_id FROM `subjects` INNER JOIN `appointments` ON `subjects`.id = `appointments`.subject_id WHERE ((`appointments`.slot_id = 45))
  [1m[36mCACHE (0.0ms)[0m  [1mSELECT COUNT(*) AS count_id FROM `subjects` INNER JOIN `appointments` ON `subjects`.id = `appointments`.subject_id WHERE ((`appointments`.slot_id = 45))[0m
  [1m[35mSubject Load (0.4ms)[0m  SELECT `subjects`.* FROM `subjects` INNER JOIN `appointments` ON `subjects`.id = `appointments`.subject_id WHERE ((`appointments`.slot_id = 45))
Rendered slots/_show.html.erb (20.4ms)
Rendered slots/_slot_table.html.erb (512.3ms)
  [1m[36mLocation Load (0.2ms)[0m  [1mSELECT `locations`.* FROM `locations` WHERE (`locations`.`id` = 1) LIMIT 1[0m
  [1m[35mGoogleCalendar Load (0.2ms)[0m  SELECT `google_calendars`.* FROM `google_calendars` WHERE (`google_calendars`.`id` = 1) LIMIT 1
Rendered helpers/_header.html.erb (4.6ms)
  [1m[36mExperiment Load (0.4ms)[0m  [1mSELECT `experiments`.* FROM `experiments` WHERE (`experiments`.user_id = 9)[0m
Rendered experiments/_list.html.erb (2.7ms)
Rendered helpers/_footer.html.erb (0.8ms)
Rendered experiments/show.html.erb within layouts/application (690.3ms)
Completed 200 OK in 858ms (Views: 673.4ms | ActiveRecord: 27.8ms)


Started GET "/experiments/321060967" for 127.0.0.1 at Mon Dec 06 18:48:07 +0100 2010
  [1m[35mSQL (1.3ms)[0m  describe `roles_users`
  [1m[36mSQL (1.4ms)[0m  [1mdescribe `roles_users`[0m
  Processing by ExperimentsController#show as HTML
  Parameters: {"id"=>"321060967"}
  [1m[35mUser Load (0.3ms)[0m  SELECT `users`.* FROM `users` WHERE (`users`.`id` = 9) LIMIT 1
  [1m[36mExperiment Load (0.3ms)[0m  [1mSELECT `experiments`.* FROM `experiments` WHERE (`experiments`.`hashed_id` = 321060967) LIMIT 1[0m
  [1m[35mSlot Load (0.5ms)[0m  SELECT `slots`.* FROM `slots` WHERE (`slots`.experiment_id = 1) ORDER BY time
  [1m[36mCACHE (0.0ms)[0m  [1mSELECT `users`.* FROM `users` WHERE (`users`.`id` = 9) LIMIT 1[0m
  [1m[35mGroup Load (0.2ms)[0m  SELECT `groups`.* FROM `groups` WHERE (`groups`.`id` = 1) LIMIT 1
Rendered slots/_form.html.erb (5.4ms)
  [1m[36mExperiment Load (0.3ms)[0m  [1mSELECT `experiments`.* FROM `experiments` WHERE (`experiments`.`id` = 1) LIMIT 1[0m
  [1m[35mCACHE (0.0ms)[0m  SELECT `experiments`.* FROM `experiments` WHERE (`experiments`.`id` = 1) LIMIT 1
  [1m[36mCACHE (0.0ms)[0m  [1mSELECT `experiments`.* FROM `experiments` WHERE (`experiments`.`id` = 1) LIMIT 1[0m
  [1m[35mCACHE (0.0ms)[0m  SELECT `experiments`.* FROM `experiments` WHERE (`experiments`.`id` = 1) LIMIT 1
  [1m[36mCACHE (0.0ms)[0m  [1mSELECT `experiments`.* FROM `experiments` WHERE (`experiments`.`id` = 1) LIMIT 1[0m
  [1m[35mCACHE (0.0ms)[0m  SELECT `experiments`.* FROM `experiments` WHERE (`experiments`.`id` = 1) LIMIT 1
  [1m[36mCACHE (0.0ms)[0m  [1mSELECT `experiments`.* FROM `experiments` WHERE (`experiments`.`id` = 1) LIMIT 1[0m
  [1m[35mCACHE (0.0ms)[0m  SELECT `experiments`.* FROM `experiments` WHERE (`experiments`.`id` = 1) LIMIT 1
  [1m[36mCACHE (0.0ms)[0m  [1mSELECT `experiments`.* FROM `experiments` WHERE (`experiments`.`id` = 1) LIMIT 1[0m
  [1m[35mCACHE (0.0ms)[0m  SELECT `experiments`.* FROM `experiments` WHERE (`experiments`.`id` = 1) LIMIT 1
  [1m[36mCACHE (0.0ms)[0m  [1mSELECT `experiments`.* FROM `experiments` WHERE (`experiments`.`id` = 1) LIMIT 1[0m
  [1m[35mCACHE (0.0ms)[0m  SELECT `experiments`.* FROM `experiments` WHERE (`experiments`.`id` = 1) LIMIT 1
  [1m[36mCACHE (0.0ms)[0m  [1mSELECT `experiments`.* FROM `experiments` WHERE (`experiments`.`id` = 1) LIMIT 1[0m
  [1m[35mCACHE (0.0ms)[0m  SELECT `experiments`.* FROM `experiments` WHERE (`experiments`.`id` = 1) LIMIT 1
  [1m[36mCACHE (0.0ms)[0m  [1mSELECT `experiments`.* FROM `experiments` WHERE (`experiments`.`id` = 1) LIMIT 1[0m
  [1m[35mCACHE (0.0ms)[0m  SELECT `experiments`.* FROM `experiments` WHERE (`experiments`.`id` = 1) LIMIT 1
  [1m[36mCACHE (0.0ms)[0m  [1mSELECT `experiments`.* FROM `experiments` WHERE (`experiments`.`id` = 1) LIMIT 1[0m
  [1m[35mCACHE (0.0ms)[0m  SELECT `experiments`.* FROM `experiments` WHERE (`experiments`.`id` = 1) LIMIT 1
  [1m[36mCACHE (0.0ms)[0m  [1mSELECT `experiments`.* FROM `experiments` WHERE (`experiments`.`id` = 1) LIMIT 1[0m
  [1m[35mCACHE (0.0ms)[0m  SELECT `experiments`.* FROM `experiments` WHERE (`experiments`.`id` = 1) LIMIT 1
  [1m[36mCACHE (0.0ms)[0m  [1mSELECT `experiments`.* FROM `experiments` WHERE (`experiments`.`id` = 1) LIMIT 1[0m
  [1m[35mSQL (0.7ms)[0m  SELECT COUNT(*) AS count_id FROM (SELECT 1 FROM `appointments` WHERE (`appointments`.slot_id = 1)) AS subquery
  [1m[36mSQL (0.4ms)[0m  [1mSELECT COUNT(*) AS count_id FROM `subjects` INNER JOIN `appointments` ON `subjects`.id = `appointments`.subject_id WHERE ((`appointments`.slot_id = 1))[0m
  [1m[35mSQL (0.3ms)[0m  SELECT COUNT(*) AS count_id FROM (SELECT 1 FROM `appointments` WHERE (`appointments`.slot_id = 2)) AS subquery
  [1m[36mSQL (0.3ms)[0m  [1mSELECT COUNT(*) AS count_id FROM `subjects` INNER JOIN `appointments` ON `subjects`.id = `appointments`.subject_id WHERE ((`appointments`.slot_id = 2))[0m
  [1m[35mSQL (0.2ms)[0m  SELECT COUNT(*) AS count_id FROM (SELECT 1 FROM `appointments` WHERE (`appointments`.slot_id = 16)) AS subquery
  [1m[36mSQL (0.6ms)[0m  [1mSELECT COUNT(*) AS count_id FROM `subjects` INNER JOIN `appointments` ON `subjects`.id = `appointments`.subject_id WHERE ((`appointments`.slot_id = 16))[0m
  [1m[35mSQL (0.4ms)[0m  SELECT COUNT(*) AS count_id FROM (SELECT 1 FROM `appointments` WHERE (`appointments`.slot_id = 15)) AS subquery
  [1m[36mSQL (0.3ms)[0m  [1mSELECT COUNT(*) AS count_id FROM `subjects` INNER JOIN `appointments` ON `subjects`.id = `appointments`.subject_id WHERE ((`appointments`.slot_id = 15))[0m
  [1m[35mSQL (0.3ms)[0m  SELECT COUNT(*) AS count_id FROM (SELECT 1 FROM `appointments` WHERE (`appointments`.slot_id = 3)) AS subquery
  [1m[36mSQL (0.3ms)[0m  [1mSELECT COUNT(*) AS count_id FROM `subjects` INNER JOIN `appointments` ON `subjects`.id = `appointments`.subject_id WHERE ((`appointments`.slot_id = 3))[0m
  [1m[35mSQL (0.3ms)[0m  SELECT COUNT(*) AS count_id FROM (SELECT 1 FROM `appointments` WHERE (`appointments`.slot_id = 14)) AS subquery
  [1m[36mSQL (0.3ms)[0m  [1mSELECT COUNT(*) AS count_id FROM `subjects` INNER JOIN `appointments` ON `subjects`.id = `appointments`.subject_id WHERE ((`appointments`.slot_id = 14))[0m
  [1m[35mSQL (0.4ms)[0m  SELECT COUNT(*) AS count_id FROM (SELECT 1 FROM `appointments` WHERE (`appointments`.slot_id = 13)) AS subquery
  [1m[36mSQL (0.3ms)[0m  [1mSELECT COUNT(*) AS count_id FROM `subjects` INNER JOIN `appointments` ON `subjects`.id = `appointments`.subject_id WHERE ((`appointments`.slot_id = 13))[0m
  [1m[35mSQL (0.3ms)[0m  SELECT COUNT(*) AS count_id FROM (SELECT 1 FROM `appointments` WHERE (`appointments`.slot_id = 12)) AS subquery
  [1m[36mSQL (0.3ms)[0m  [1mSELECT COUNT(*) AS count_id FROM `subjects` INNER JOIN `appointments` ON `subjects`.id = `appointments`.subject_id WHERE ((`appointments`.slot_id = 12))[0m
  [1m[35mSQL (0.3ms)[0m  SELECT COUNT(*) AS count_id FROM (SELECT 1 FROM `appointments` WHERE (`appointments`.slot_id = 11)) AS subquery
  [1m[36mSQL (0.4ms)[0m  [1mSELECT COUNT(*) AS count_id FROM `subjects` INNER JOIN `appointments` ON `subjects`.id = `appointments`.subject_id WHERE ((`appointments`.slot_id = 11))[0m
  [1m[35mSQL (0.3ms)[0m  SELECT COUNT(*) AS count_id FROM (SELECT 1 FROM `appointments` WHERE (`appointments`.slot_id = 10)) AS subquery
  [1m[36mSQL (0.3ms)[0m  [1mSELECT COUNT(*) AS count_id FROM `subjects` INNER JOIN `appointments` ON `subjects`.id = `appointments`.subject_id WHERE ((`appointments`.slot_id = 10))[0m
  [1m[35mSQL (0.3ms)[0m  SELECT COUNT(*) AS count_id FROM (SELECT 1 FROM `appointments` WHERE (`appointments`.slot_id = 9)) AS subquery
  [1m[36mSQL (0.3ms)[0m  [1mSELECT COUNT(*) AS count_id FROM `subjects` INNER JOIN `appointments` ON `subjects`.id = `appointments`.subject_id WHERE ((`appointments`.slot_id = 9))[0m
  [1m[35mSQL (0.3ms)[0m  SELECT COUNT(*) AS count_id FROM (SELECT 1 FROM `appointments` WHERE (`appointments`.slot_id = 8)) AS subquery
  [1m[36mSQL (0.3ms)[0m  [1mSELECT COUNT(*) AS count_id FROM `subjects` INNER JOIN `appointments` ON `subjects`.id = `appointments`.subject_id WHERE ((`appointments`.slot_id = 8))[0m
  [1m[35mSQL (0.2ms)[0m  SELECT COUNT(*) AS count_id FROM (SELECT 1 FROM `appointments` WHERE (`appointments`.slot_id = 7)) AS subquery
  [1m[36mSQL (0.2ms)[0m  [1mSELECT COUNT(*) AS count_id FROM `subjects` INNER JOIN `appointments` ON `subjects`.id = `appointments`.subject_id WHERE ((`appointments`.slot_id = 7))[0m
  [1m[35mSQL (0.3ms)[0m  SELECT COUNT(*) AS count_id FROM (SELECT 1 FROM `appointments` WHERE (`appointments`.slot_id = 6)) AS subquery
  [1m[36mSQL (0.3ms)[0m  [1mSELECT COUNT(*) AS count_id FROM `subjects` INNER JOIN `appointments` ON `subjects`.id = `appointments`.subject_id WHERE ((`appointments`.slot_id = 6))[0m
  [1m[35mSQL (0.2ms)[0m  SELECT COUNT(*) AS count_id FROM (SELECT 1 FROM `appointments` WHERE (`appointments`.slot_id = 5)) AS subquery
  [1m[36mSQL (0.2ms)[0m  [1mSELECT COUNT(*) AS count_id FROM `subjects` INNER JOIN `appointments` ON `subjects`.id = `appointments`.subject_id WHERE ((`appointments`.slot_id = 5))[0m
  [1m[35mSQL (0.3ms)[0m  SELECT COUNT(*) AS count_id FROM (SELECT 1 FROM `appointments` WHERE (`appointments`.slot_id = 4)) AS subquery
  [1m[36mSQL (0.3ms)[0m  [1mSELECT COUNT(*) AS count_id FROM `subjects` INNER JOIN `appointments` ON `subjects`.id = `appointments`.subject_id WHERE ((`appointments`.slot_id = 4))[0m
  [1m[35mSQL (0.2ms)[0m  SELECT COUNT(*) AS count_id FROM (SELECT 1 FROM `appointments` WHERE (`appointments`.slot_id = 19)) AS subquery
  [1m[36mSQL (0.2ms)[0m  [1mSELECT COUNT(*) AS count_id FROM `subjects` INNER JOIN `appointments` ON `subjects`.id = `appointments`.subject_id WHERE ((`appointments`.slot_id = 19))[0m
  [1m[35mSQL (0.2ms)[0m  SELECT COUNT(*) AS count_id FROM (SELECT 1 FROM `appointments` WHERE (`appointments`.slot_id = 21)) AS subquery
  [1m[36mSQL (0.2ms)[0m  [1mSELECT COUNT(*) AS count_id FROM `subjects` INNER JOIN `appointments` ON `subjects`.id = `appointments`.subject_id WHERE ((`appointments`.slot_id = 21))[0m
  [1m[35mSQL (0.2ms)[0m  SELECT COUNT(*) AS count_id FROM (SELECT 1 FROM `appointments` WHERE (`appointments`.slot_id = 17)) AS subquery
  [1m[36mSQL (0.3ms)[0m  [1mSELECT COUNT(*) AS count_id FROM `subjects` INNER JOIN `appointments` ON `subjects`.id = `appointments`.subject_id WHERE ((`appointments`.slot_id = 17))[0m
  [1m[35mSQL (0.2ms)[0m  SELECT COUNT(*) AS count_id FROM (SELECT 1 FROM `appointments` WHERE (`appointments`.slot_id = 47)) AS subquery
  [1m[36mSQL (0.2ms)[0m  [1mSELECT COUNT(*) AS count_id FROM `subjects` INNER JOIN `appointments` ON `subjects`.id = `appointments`.subject_id WHERE ((`appointments`.slot_id = 47))[0m
  [1m[35mSQL (0.2ms)[0m  SELECT COUNT(*) AS count_id FROM (SELECT 1 FROM `appointments` WHERE (`appointments`.slot_id = 45)) AS subquery
  [1m[36mSQL (0.3ms)[0m  [1mSELECT COUNT(*) AS count_id FROM `subjects` INNER JOIN `appointments` ON `subjects`.id = `appointments`.subject_id WHERE ((`appointments`.slot_id = 45))[0m
  [1m[35mCACHE (0.0ms)[0m  SELECT COUNT(*) AS count_id FROM `subjects` INNER JOIN `appointments` ON `subjects`.id = `appointments`.subject_id WHERE ((`appointments`.slot_id = 1))
  [1m[36mCACHE (0.0ms)[0m  [1mSELECT COUNT(*) AS count_id FROM `subjects` INNER JOIN `appointments` ON `subjects`.id = `appointments`.subject_id WHERE ((`appointments`.slot_id = 1))[0m
  [1m[35mCACHE (0.0ms)[0m  SELECT COUNT(*) AS count_id FROM `subjects` INNER JOIN `appointments` ON `subjects`.id = `appointments`.subject_id WHERE ((`appointments`.slot_id = 1))
  [1m[36mSubject Load (0.4ms)[0m  [1mSELECT `subjects`.* FROM `subjects` INNER JOIN `appointments` ON `subjects`.id = `appointments`.subject_id WHERE ((`appointments`.slot_id = 1))[0m
Rendered slots/_show.html.erb (14.2ms)
  [1m[35mCACHE (0.0ms)[0m  SELECT COUNT(*) AS count_id FROM `subjects` INNER JOIN `appointments` ON `subjects`.id = `appointments`.subject_id WHERE ((`appointments`.slot_id = 2))
  [1m[36mSubject Load (0.4ms)[0m  [1mSELECT `subjects`.* FROM `subjects` INNER JOIN `appointments` ON `subjects`.id = `appointments`.subject_id WHERE ((`appointments`.slot_id = 2))[0m
Rendered slots/_show.html.erb (5.7ms)
  [1m[35mCACHE (0.0ms)[0m  SELECT COUNT(*) AS count_id FROM `subjects` INNER JOIN `appointments` ON `subjects`.id = `appointments`.subject_id WHERE ((`appointments`.slot_id = 16))
  [1m[36mSubject Load (0.3ms)[0m  [1mSELECT `subjects`.* FROM `subjects` INNER JOIN `appointments` ON `subjects`.id = `appointments`.subject_id WHERE ((`appointments`.slot_id = 16))[0m
Rendered slots/_show.html.erb (5.9ms)
  [1m[35mCACHE (0.0ms)[0m  SELECT COUNT(*) AS count_id FROM `subjects` INNER JOIN `appointments` ON `subjects`.id = `appointments`.subject_id WHERE ((`appointments`.slot_id = 15))
  [1m[36mSubject Load (0.4ms)[0m  [1mSELECT `subjects`.* FROM `subjects` INNER JOIN `appointments` ON `subjects`.id = `appointments`.subject_id WHERE ((`appointments`.slot_id = 15))[0m
Rendered slots/_show.html.erb (5.9ms)
  [1m[35mCACHE (0.0ms)[0m  SELECT COUNT(*) AS count_id FROM `subjects` INNER JOIN `appointments` ON `subjects`.id = `appointments`.subject_id WHERE ((`appointments`.slot_id = 3))
  [1m[36mSubject Load (0.4ms)[0m  [1mSELECT `subjects`.* FROM `subjects` INNER JOIN `appointments` ON `subjects`.id = `appointments`.subject_id WHERE ((`appointments`.slot_id = 3))[0m
Rendered slots/_show.html.erb (14.6ms)
  [1m[35mCACHE (0.0ms)[0m  SELECT COUNT(*) AS count_id FROM `subjects` INNER JOIN `appointments` ON `subjects`.id = `appointments`.subject_id WHERE ((`appointments`.slot_id = 14))
  [1m[36mSubject Load (0.4ms)[0m  [1mSELECT `subjects`.* FROM `subjects` INNER JOIN `appointments` ON `subjects`.id = `appointments`.subject_id WHERE ((`appointments`.slot_id = 14))[0m
Rendered slots/_show.html.erb (5.8ms)
  [1m[35mCACHE (0.0ms)[0m  SELECT COUNT(*) AS count_id FROM `subjects` INNER JOIN `appointments` ON `subjects`.id = `appointments`.subject_id WHERE ((`appointments`.slot_id = 13))
  [1m[36mSubject Load (0.4ms)[0m  [1mSELECT `subjects`.* FROM `subjects` INNER JOIN `appointments` ON `subjects`.id = `appointments`.subject_id WHERE ((`appointments`.slot_id = 13))[0m
Rendered slots/_show.html.erb (5.9ms)
  [1m[35mCACHE (0.0ms)[0m  SELECT COUNT(*) AS count_id FROM `subjects` INNER JOIN `appointments` ON `subjects`.id = `appointments`.subject_id WHERE ((`appointments`.slot_id = 12))
  [1m[36mSubject Load (0.4ms)[0m  [1mSELECT `subjects`.* FROM `subjects` INNER JOIN `appointments` ON `subjects`.id = `appointments`.subject_id WHERE ((`appointments`.slot_id = 12))[0m
Rendered slots/_show.html.erb (5.8ms)
  [1m[35mCACHE (0.0ms)[0m  SELECT COUNT(*) AS count_id FROM `subjects` INNER JOIN `appointments` ON `subjects`.id = `appointments`.subject_id WHERE ((`appointments`.slot_id = 11))
  [1m[36mSubject Load (0.4ms)[0m  [1mSELECT `subjects`.* FROM `subjects` INNER JOIN `appointments` ON `subjects`.id = `appointments`.subject_id WHERE ((`appointments`.slot_id = 11))[0m
Rendered slots/_show.html.erb (108.9ms)
  [1m[35mCACHE (0.0ms)[0m  SELECT COUNT(*) AS count_id FROM `subjects` INNER JOIN `appointments` ON `subjects`.id = `appointments`.subject_id WHERE ((`appointments`.slot_id = 10))
  [1m[36mSubject Load (0.4ms)[0m  [1mSELECT `subjects`.* FROM `subjects` INNER JOIN `appointments` ON `subjects`.id = `appointments`.subject_id WHERE ((`appointments`.slot_id = 10))[0m
Rendered slots/_show.html.erb (5.8ms)
  [1m[35mCACHE (0.0ms)[0m  SELECT COUNT(*) AS count_id FROM `subjects` INNER JOIN `appointments` ON `subjects`.id = `appointments`.subject_id WHERE ((`appointments`.slot_id = 9))
  [1m[36mSubject Load (0.4ms)[0m  [1mSELECT `subjects`.* FROM `subjects` INNER JOIN `appointments` ON `subjects`.id = `appointments`.subject_id WHERE ((`appointments`.slot_id = 9))[0m
Rendered slots/_show.html.erb (5.9ms)
  [1m[35mCACHE (0.0ms)[0m  SELECT COUNT(*) AS count_id FROM `subjects` INNER JOIN `appointments` ON `subjects`.id = `appointments`.subject_id WHERE ((`appointments`.slot_id = 8))
  [1m[36mSubject Load (0.4ms)[0m  [1mSELECT `subjects`.* FROM `subjects` INNER JOIN `appointments` ON `subjects`.id = `appointments`.subject_id WHERE ((`appointments`.slot_id = 8))[0m
Rendered slots/_show.html.erb (5.7ms)
  [1m[35mCACHE (0.0ms)[0m  SELECT COUNT(*) AS count_id FROM `subjects` INNER JOIN `appointments` ON `subjects`.id = `appointments`.subject_id WHERE ((`appointments`.slot_id = 7))
  [1m[36mSubject Load (0.4ms)[0m  [1mSELECT `subjects`.* FROM `subjects` INNER JOIN `appointments` ON `subjects`.id = `appointments`.subject_id WHERE ((`appointments`.slot_id = 7))[0m
Rendered slots/_show.html.erb (5.9ms)
  [1m[35mCACHE (0.0ms)[0m  SELECT COUNT(*) AS count_id FROM `subjects` INNER JOIN `appointments` ON `subjects`.id = `appointments`.subject_id WHERE ((`appointments`.slot_id = 6))
  [1m[36mSubject Load (0.4ms)[0m  [1mSELECT `subjects`.* FROM `subjects` INNER JOIN `appointments` ON `subjects`.id = `appointments`.subject_id WHERE ((`appointments`.slot_id = 6))[0m
Rendered slots/_show.html.erb (5.8ms)
  [1m[35mCACHE (0.0ms)[0m  SELECT COUNT(*) AS count_id FROM `subjects` INNER JOIN `appointments` ON `subjects`.id = `appointments`.subject_id WHERE ((`appointments`.slot_id = 5))
  [1m[36mSubject Load (0.7ms)[0m  [1mSELECT `subjects`.* FROM `subjects` INNER JOIN `appointments` ON `subjects`.id = `appointments`.subject_id WHERE ((`appointments`.slot_id = 5))[0m
Rendered slots/_show.html.erb (8.8ms)
  [1m[35mCACHE (0.0ms)[0m  SELECT COUNT(*) AS count_id FROM `subjects` INNER JOIN `appointments` ON `subjects`.id = `appointments`.subject_id WHERE ((`appointments`.slot_id = 4))
  [1m[36mSubject Load (0.4ms)[0m  [1mSELECT `subjects`.* FROM `subjects` INNER JOIN `appointments` ON `subjects`.id = `appointments`.subject_id WHERE ((`appointments`.slot_id = 4))[0m
Rendered slots/_show.html.erb (7.0ms)
  [1m[35mCACHE (0.0ms)[0m  SELECT COUNT(*) AS count_id FROM `subjects` INNER JOIN `appointments` ON `subjects`.id = `appointments`.subject_id WHERE ((`appointments`.slot_id = 19))
  [1m[36mSubject Load (0.4ms)[0m  [1mSELECT `subjects`.* FROM `subjects` INNER JOIN `appointments` ON `subjects`.id = `appointments`.subject_id WHERE ((`appointments`.slot_id = 19))[0m
Rendered slots/_show.html.erb (7.0ms)
  [1m[35mCACHE (0.0ms)[0m  SELECT COUNT(*) AS count_id FROM `subjects` INNER JOIN `appointments` ON `subjects`.id = `appointments`.subject_id WHERE ((`appointments`.slot_id = 21))
  [1m[36mSubject Load (0.4ms)[0m  [1mSELECT `subjects`.* FROM `subjects` INNER JOIN `appointments` ON `subjects`.id = `appointments`.subject_id WHERE ((`appointments`.slot_id = 21))[0m
Rendered slots/_show.html.erb (5.9ms)
  [1m[35mCACHE (0.0ms)[0m  SELECT COUNT(*) AS count_id FROM `subjects` INNER JOIN `appointments` ON `subjects`.id = `appointments`.subject_id WHERE ((`appointments`.slot_id = 17))
  [1m[36mSubject Load (0.4ms)[0m  [1mSELECT `subjects`.* FROM `subjects` INNER JOIN `appointments` ON `subjects`.id = `appointments`.subject_id WHERE ((`appointments`.slot_id = 17))[0m
Rendered slots/_show.html.erb (6.1ms)
  [1m[35mCACHE (0.0ms)[0m  SELECT COUNT(*) AS count_id FROM `subjects` INNER JOIN `appointments` ON `subjects`.id = `appointments`.subject_id WHERE ((`appointments`.slot_id = 47))
  [1m[36mSubject Load (0.7ms)[0m  [1mSELECT `subjects`.* FROM `subjects` INNER JOIN `appointments` ON `subjects`.id = `appointments`.subject_id WHERE ((`appointments`.slot_id = 47))[0m
Rendered slots/_show.html.erb (7.9ms)
  [1m[35mCACHE (0.0ms)[0m  SELECT COUNT(*) AS count_id FROM `subjects` INNER JOIN `appointments` ON `subjects`.id = `appointments`.subject_id WHERE ((`appointments`.slot_id = 45))
  [1m[36mCACHE (0.0ms)[0m  [1mSELECT COUNT(*) AS count_id FROM `subjects` INNER JOIN `appointments` ON `subjects`.id = `appointments`.subject_id WHERE ((`appointments`.slot_id = 45))[0m
  [1m[35mCACHE (0.0ms)[0m  SELECT COUNT(*) AS count_id FROM `subjects` INNER JOIN `appointments` ON `subjects`.id = `appointments`.subject_id WHERE ((`appointments`.slot_id = 45))
  [1m[36mSubject Load (0.4ms)[0m  [1mSELECT `subjects`.* FROM `subjects` INNER JOIN `appointments` ON `subjects`.id = `appointments`.subject_id WHERE ((`appointments`.slot_id = 45))[0m
Rendered slots/_show.html.erb (23.9ms)
Rendered slots/_slot_table.html.erb (517.1ms)
  [1m[35mLocation Load (0.2ms)[0m  SELECT `locations`.* FROM `locations` WHERE (`locations`.`id` = 1) LIMIT 1
  [1m[36mGoogleCalendar Load (0.3ms)[0m  [1mSELECT `google_calendars`.* FROM `google_calendars` WHERE (`google_calendars`.`id` = 1) LIMIT 1[0m
Rendered helpers/_header.html.erb (3.7ms)
  [1m[35mExperiment Load (0.4ms)[0m  SELECT `experiments`.* FROM `experiments` WHERE (`experiments`.user_id = 9)
Rendered experiments/_list.html.erb (2.4ms)
Rendered helpers/_footer.html.erb (0.5ms)
Rendered experiments/show.html.erb within layouts/application (693.7ms)
Completed 200 OK in 859ms (Views: 677.7ms | ActiveRecord: 26.4ms)
