*** below you find the most recent exception thrown, this will be likely (but not certainly) the exception that made the application exit abnormally ***
#<OpenSSL::SSL::SSLError: hostname was not match with the server certificate>
*** below you find all exception objects found in memory, some of them may have been thrown in your application, others may just be in memory because they are standard exceptions ***
#<NoMemoryError: failed to allocate memory>
#<SystemStackError: stack level too deep>
#<fatal: exception reentered>
#<Errno::EBADF: Bad file descriptor>
#<OpenSSL::SSL::SSLError: hostname was not match with the server certificate>
#<SystemExit: exit>
#<ActionView::MissingTemplate: Missing layout layouts/mailers/default with {:locale=>[:en], :formats=>[:text], :handlers=>[:rxml, :builder, :rjs, :rhtml, :erb]} in view paths "/Users/edave/repositories/experiment/app/views", "/Users/edave/repositories/experiment/vendor/plugins/rooster/app/views", "/Library/Ruby/Gems/1.8/gems/devise-1.1.3/app/views">
#<OpenSSL::SSL::SSLError: hostname was not match with the server certificate>
*** below you find the most recent exception thrown, this will be likely (but not certainly) the exception that made the application exit abnormally ***
#<OpenSSL::SSL::SSLError: hostname was not match with the server certificate>
*** below you find all exception objects found in memory, some of them may have been thrown in your application, others may just be in memory because they are standard exceptions ***
#<NoMemoryError: failed to allocate memory>
#<SystemStackError: stack level too deep>
#<fatal: exception reentered>
#<SystemExit: exit>
#<Errno::EBADF: Bad file descriptor>
#<ActionView::MissingTemplate: Missing layout layouts/mailers/default with {:locale=>[:en], :formats=>[:text], :handlers=>[:rjs, :rhtml, :builder, :rxml, :erb]} in view paths "/Users/edave/repositories/experiment/app/views", "/Users/edave/repositories/experiment/vendor/plugins/rooster/app/views", "/Library/Ruby/Gems/1.8/gems/devise-1.1.3/app/views">
#<OpenSSL::SSL::SSLError: hostname was not match with the server certificate>
#<ActionView::MissingTemplate: Missing layout layouts/mailers/default with {:locale=>[:en], :formats=>[:text], :handlers=>[:rjs, :rhtml, :builder, :rxml, :erb]} in view paths "/Users/edave/repositories/experiment/app/views", "/Users/edave/repositories/experiment/vendor/plugins/rooster/app/views", "/Library/Ruby/Gems/1.8/gems/devise-1.1.3/app/views">
#<OpenSSL::SSL::SSLError: hostname was not match with the server certificate>
